[23-May-2025 00:27:13 UTC] Adwords Reporting Error [2] require_once(/home/hezevasube4866/web/endorsed-ocelot-34f2bd.dev.ngency.com/public_html/wp-content/plugins/adwords-reporting/vendor/autoload.php): Failed to open stream: No such file or directory in /home/hezevasube4866/web/endorsed-ocelot-34f2bd.dev.ngency.com/public_html/wp-content/plugins/adwords-reporting/adwords-reporting.php on line 37
[23-May-2025 00:27:13 UTC] PHP Warning:  require_once(/home/hezevasube4866/web/endorsed-ocelot-34f2bd.dev.ngency.com/public_html/wp-content/plugins/adwords-reporting/vendor/autoload.php): Failed to open stream: No such file or directory in /home/hezevasube4866/web/endorsed-ocelot-34f2bd.dev.ngency.com/public_html/wp-content/plugins/adwords-reporting/adwords-reporting.php on line 37
[23-May-2025 00:27:13 UTC] PHP Fatal error:  Uncaught Error: Failed opening required '/home/hezevasube4866/web/endorsed-ocelot-34f2bd.dev.ngency.com/public_html/wp-content/plugins/adwords-reporting/vendor/autoload.php' (include_path='.:/usr/share/php') in /home/hezevasube4866/web/endorsed-ocelot-34f2bd.dev.ngency.com/public_html/wp-content/plugins/adwords-reporting/adwords-reporting.php:37
Stack trace:
#0 /home/hezevasube4866/web/endorsed-ocelot-34f2bd.dev.ngency.com/public_html/wp-admin/includes/plugin.php(2387): include_once()
#1 /home/hezevasube4866/web/endorsed-ocelot-34f2bd.dev.ngency.com/public_html/wp-admin/includes/plugin.php(673): plugin_sandbox_scrape()
#2 /home/hezevasube4866/web/endorsed-ocelot-34f2bd.dev.ngency.com/public_html/wp-admin/plugins.php(60): activate_plugin()
#3 {main}
  thrown in /home/hezevasube4866/web/endorsed-ocelot-34f2bd.dev.ngency.com/public_html/wp-content/plugins/adwords-reporting/adwords-reporting.php on line 37
[23-May-2025 00:30:57 UTC] Adwords Reporting Error [2] require_once(/home/hezevasube4866/web/endorsed-ocelot-34f2bd.dev.ngency.com/public_html/wp-content/plugins/adwords-reporting/vendor/autoload.php): Failed to open stream: No such file or directory in /home/hezevasube4866/web/endorsed-ocelot-34f2bd.dev.ngency.com/public_html/wp-content/plugins/adwords-reporting/adwords-reporting.php on line 62
Stack trace:
#0 /home/hezevasube4866/web/endorsed-ocelot-34f2bd.dev.ngency.com/public_html/wp-content/plugins/adwords-reporting/adwords-reporting.php(62): adwords_reporting_error_handler()
#1 /home/hezevasube4866/web/endorsed-ocelot-34f2bd.dev.ngency.com/public_html/wp-content/plugins/adwords-reporting/adwords-reporting.php(62): require_once()
#2 /home/hezevasube4866/web/endorsed-ocelot-34f2bd.dev.ngency.com/public_html/wp-admin/includes/plugin.php(2387): include_once('...')
#3 /home/hezevasube4866/web/endorsed-ocelot-34f2bd.dev.ngency.com/public_html/wp-admin/includes/plugin.php(673): plugin_sandbox_scrape()
#4 /home/hezevasube4866/web/endorsed-ocelot-34f2bd.dev.ngency.com/public_html/wp-admin/plugins.php(60): activate_plugin()
#5 {main}
[23-May-2025 00:30:57 UTC] PHP Warning:  require_once(/home/hezevasube4866/web/endorsed-ocelot-34f2bd.dev.ngency.com/public_html/wp-content/plugins/adwords-reporting/vendor/autoload.php): Failed to open stream: No such file or directory in /home/hezevasube4866/web/endorsed-ocelot-34f2bd.dev.ngency.com/public_html/wp-content/plugins/adwords-reporting/adwords-reporting.php on line 62
[23-May-2025 00:30:57 UTC] PHP Fatal error:  Uncaught Error: Failed opening required '/home/hezevasube4866/web/endorsed-ocelot-34f2bd.dev.ngency.com/public_html/wp-content/plugins/adwords-reporting/vendor/autoload.php' (include_path='.:/usr/share/php') in /home/hezevasube4866/web/endorsed-ocelot-34f2bd.dev.ngency.com/public_html/wp-content/plugins/adwords-reporting/adwords-reporting.php:62
Stack trace:
#0 /home/hezevasube4866/web/endorsed-ocelot-34f2bd.dev.ngency.com/public_html/wp-admin/includes/plugin.php(2387): include_once()
#1 /home/hezevasube4866/web/endorsed-ocelot-34f2bd.dev.ngency.com/public_html/wp-admin/includes/plugin.php(673): plugin_sandbox_scrape()
#2 /home/hezevasube4866/web/endorsed-ocelot-34f2bd.dev.ngency.com/public_html/wp-admin/plugins.php(60): activate_plugin()
#3 {main}
  thrown in /home/hezevasube4866/web/endorsed-ocelot-34f2bd.dev.ngency.com/public_html/wp-content/plugins/adwords-reporting/adwords-reporting.php on line 62
[23-May-2025 00:30:57 UTC] Fatal Error: [1] Uncaught Error: Failed opening required '/home/hezevasube4866/web/endorsed-ocelot-34f2bd.dev.ngency.com/public_html/wp-content/plugins/adwords-reporting/vendor/autoload.php' (include_path='.:/usr/share/php') in /home/hezevasube4866/web/endorsed-ocelot-34f2bd.dev.ngency.com/public_html/wp-content/plugins/adwords-reporting/adwords-reporting.php:62
Stack trace:
#0 /home/hezevasube4866/web/endorsed-ocelot-34f2bd.dev.ngency.com/public_html/wp-admin/includes/plugin.php(2387): include_once()
#1 /home/hezevasube4866/web/endorsed-ocelot-34f2bd.dev.ngency.com/public_html/wp-admin/includes/plugin.php(673): plugin_sandbox_scrape()
#2 /home/hezevasube4866/web/endorsed-ocelot-34f2bd.dev.ngency.com/public_html/wp-admin/plugins.php(60): activate_plugin()
#3 {main}
  thrown in /home/hezevasube4866/web/endorsed-ocelot-34f2bd.dev.ngency.com/public_html/wp-content/plugins/adwords-reporting/adwords-reporting.php on line 62
Stack trace:
#0 [internal function]: adwords_reporting_shutdown_handler()
#1 {main}
[23-May-2025 00:36:15 UTC] Adwords Reporting Error [2] require_once(/home/hezevasube4866/web/endorsed-ocelot-34f2bd.dev.ngency.com/public_html/wp-content/plugins/adwords-reporting/vendor/autoload.php): Failed to open stream: No such file or directory in /home/hezevasube4866/web/endorsed-ocelot-34f2bd.dev.ngency.com/public_html/wp-content/plugins/adwords-reporting/adwords-reporting.php on line 62
Stack trace:
#0 /home/hezevasube4866/web/endorsed-ocelot-34f2bd.dev.ngency.com/public_html/wp-content/plugins/adwords-reporting/adwords-reporting.php(62): adwords_reporting_error_handler()
#1 /home/hezevasube4866/web/endorsed-ocelot-34f2bd.dev.ngency.com/public_html/wp-content/plugins/adwords-reporting/adwords-reporting.php(62): require_once()
#2 /home/hezevasube4866/web/endorsed-ocelot-34f2bd.dev.ngency.com/public_html/wp-admin/includes/plugin.php(2387): include_once('...')
#3 /home/hezevasube4866/web/endorsed-ocelot-34f2bd.dev.ngency.com/public_html/wp-admin/includes/plugin.php(673): plugin_sandbox_scrape()
#4 /home/hezevasube4866/web/endorsed-ocelot-34f2bd.dev.ngency.com/public_html/wp-admin/plugins.php(60): activate_plugin()
#5 {main}
[23-May-2025 00:36:15 UTC] PHP Warning:  require_once(/home/hezevasube4866/web/endorsed-ocelot-34f2bd.dev.ngency.com/public_html/wp-content/plugins/adwords-reporting/vendor/autoload.php): Failed to open stream: No such file or directory in /home/hezevasube4866/web/endorsed-ocelot-34f2bd.dev.ngency.com/public_html/wp-content/plugins/adwords-reporting/adwords-reporting.php on line 62
[23-May-2025 00:36:15 UTC] PHP Fatal error:  Uncaught Error: Failed opening required '/home/hezevasube4866/web/endorsed-ocelot-34f2bd.dev.ngency.com/public_html/wp-content/plugins/adwords-reporting/vendor/autoload.php' (include_path='.:/usr/share/php') in /home/hezevasube4866/web/endorsed-ocelot-34f2bd.dev.ngency.com/public_html/wp-content/plugins/adwords-reporting/adwords-reporting.php:62
Stack trace:
#0 /home/hezevasube4866/web/endorsed-ocelot-34f2bd.dev.ngency.com/public_html/wp-admin/includes/plugin.php(2387): include_once()
#1 /home/hezevasube4866/web/endorsed-ocelot-34f2bd.dev.ngency.com/public_html/wp-admin/includes/plugin.php(673): plugin_sandbox_scrape()
#2 /home/hezevasube4866/web/endorsed-ocelot-34f2bd.dev.ngency.com/public_html/wp-admin/plugins.php(60): activate_plugin()
#3 {main}
  thrown in /home/hezevasube4866/web/endorsed-ocelot-34f2bd.dev.ngency.com/public_html/wp-content/plugins/adwords-reporting/adwords-reporting.php on line 62
[23-May-2025 00:36:15 UTC] Fatal Error: [1] Uncaught Error: Failed opening required '/home/hezevasube4866/web/endorsed-ocelot-34f2bd.dev.ngency.com/public_html/wp-content/plugins/adwords-reporting/vendor/autoload.php' (include_path='.:/usr/share/php') in /home/hezevasube4866/web/endorsed-ocelot-34f2bd.dev.ngency.com/public_html/wp-content/plugins/adwords-reporting/adwords-reporting.php:62
Stack trace:
#0 /home/hezevasube4866/web/endorsed-ocelot-34f2bd.dev.ngency.com/public_html/wp-admin/includes/plugin.php(2387): include_once()
#1 /home/hezevasube4866/web/endorsed-ocelot-34f2bd.dev.ngency.com/public_html/wp-admin/includes/plugin.php(673): plugin_sandbox_scrape()
#2 /home/hezevasube4866/web/endorsed-ocelot-34f2bd.dev.ngency.com/public_html/wp-admin/plugins.php(60): activate_plugin()
#3 {main}
  thrown in /home/hezevasube4866/web/endorsed-ocelot-34f2bd.dev.ngency.com/public_html/wp-content/plugins/adwords-reporting/adwords-reporting.php on line 62
Stack trace:
#0 [internal function]: adwords_reporting_shutdown_handler()
#1 {main}
[23-May-2025 00:49:03 UTC] Adwords Reporting Error [2] require_once(/home/hezevasube4866/web/endorsed-ocelot-34f2bd.dev.ngency.com/public_html/wp-content/plugins/adwords-reporting/vendor/autoload.php): Failed to open stream: No such file or directory in /home/hezevasube4866/web/endorsed-ocelot-34f2bd.dev.ngency.com/public_html/wp-content/plugins/adwords-reporting/adwords-reporting.php on line 62
Stack trace:
#0 /home/hezevasube4866/web/endorsed-ocelot-34f2bd.dev.ngency.com/public_html/wp-content/plugins/adwords-reporting/adwords-reporting.php(62): adwords_reporting_error_handler()
#1 /home/hezevasube4866/web/endorsed-ocelot-34f2bd.dev.ngency.com/public_html/wp-content/plugins/adwords-reporting/adwords-reporting.php(62): require_once()
#2 /home/hezevasube4866/web/endorsed-ocelot-34f2bd.dev.ngency.com/public_html/wp-admin/includes/plugin.php(2387): include_once('...')
#3 /home/hezevasube4866/web/endorsed-ocelot-34f2bd.dev.ngency.com/public_html/wp-admin/includes/plugin.php(673): plugin_sandbox_scrape()
#4 /home/hezevasube4866/web/endorsed-ocelot-34f2bd.dev.ngency.com/public_html/wp-admin/plugins.php(60): activate_plugin()
#5 {main}
[23-May-2025 00:49:03 UTC] PHP Warning:  require_once(/home/hezevasube4866/web/endorsed-ocelot-34f2bd.dev.ngency.com/public_html/wp-content/plugins/adwords-reporting/vendor/autoload.php): Failed to open stream: No such file or directory in /home/hezevasube4866/web/endorsed-ocelot-34f2bd.dev.ngency.com/public_html/wp-content/plugins/adwords-reporting/adwords-reporting.php on line 62
[23-May-2025 00:49:03 UTC] PHP Fatal error:  Uncaught Error: Failed opening required '/home/hezevasube4866/web/endorsed-ocelot-34f2bd.dev.ngency.com/public_html/wp-content/plugins/adwords-reporting/vendor/autoload.php' (include_path='.:/usr/share/php') in /home/hezevasube4866/web/endorsed-ocelot-34f2bd.dev.ngency.com/public_html/wp-content/plugins/adwords-reporting/adwords-reporting.php:62
Stack trace:
#0 /home/hezevasube4866/web/endorsed-ocelot-34f2bd.dev.ngency.com/public_html/wp-admin/includes/plugin.php(2387): include_once()
#1 /home/hezevasube4866/web/endorsed-ocelot-34f2bd.dev.ngency.com/public_html/wp-admin/includes/plugin.php(673): plugin_sandbox_scrape()
#2 /home/hezevasube4866/web/endorsed-ocelot-34f2bd.dev.ngency.com/public_html/wp-admin/plugins.php(60): activate_plugin()
#3 {main}
  thrown in /home/hezevasube4866/web/endorsed-ocelot-34f2bd.dev.ngency.com/public_html/wp-content/plugins/adwords-reporting/adwords-reporting.php on line 62
[23-May-2025 00:49:03 UTC] Fatal Error: [1] Uncaught Error: Failed opening required '/home/hezevasube4866/web/endorsed-ocelot-34f2bd.dev.ngency.com/public_html/wp-content/plugins/adwords-reporting/vendor/autoload.php' (include_path='.:/usr/share/php') in /home/hezevasube4866/web/endorsed-ocelot-34f2bd.dev.ngency.com/public_html/wp-content/plugins/adwords-reporting/adwords-reporting.php:62
Stack trace:
#0 /home/hezevasube4866/web/endorsed-ocelot-34f2bd.dev.ngency.com/public_html/wp-admin/includes/plugin.php(2387): include_once()
#1 /home/hezevasube4866/web/endorsed-ocelot-34f2bd.dev.ngency.com/public_html/wp-admin/includes/plugin.php(673): plugin_sandbox_scrape()
#2 /home/hezevasube4866/web/endorsed-ocelot-34f2bd.dev.ngency.com/public_html/wp-admin/plugins.php(60): activate_plugin()
#3 {main}
  thrown in /home/hezevasube4866/web/endorsed-ocelot-34f2bd.dev.ngency.com/public_html/wp-content/plugins/adwords-reporting/adwords-reporting.php on line 62
Stack trace:
#0 [internal function]: adwords_reporting_shutdown_handler()
#1 {main}
[23-May-2025 00:49:13 UTC] Adwords Reporting Error [2] require_once(/home/hezevasube4866/web/endorsed-ocelot-34f2bd.dev.ngency.com/public_html/wp-content/plugins/adwords-reporting/vendor/autoload.php): Failed to open stream: No such file or directory in /home/hezevasube4866/web/endorsed-ocelot-34f2bd.dev.ngency.com/public_html/wp-content/plugins/adwords-reporting/adwords-reporting.php on line 62
Stack trace:
#0 /home/hezevasube4866/web/endorsed-ocelot-34f2bd.dev.ngency.com/public_html/wp-content/plugins/adwords-reporting/adwords-reporting.php(62): adwords_reporting_error_handler()
#1 /home/hezevasube4866/web/endorsed-ocelot-34f2bd.dev.ngency.com/public_html/wp-content/plugins/adwords-reporting/adwords-reporting.php(62): require_once()
#2 /home/hezevasube4866/web/endorsed-ocelot-34f2bd.dev.ngency.com/public_html/wp-admin/includes/plugin.php(2387): include_once('...')
#3 /home/hezevasube4866/web/endorsed-ocelot-34f2bd.dev.ngency.com/public_html/wp-admin/includes/plugin.php(673): plugin_sandbox_scrape()
#4 /home/hezevasube4866/web/endorsed-ocelot-34f2bd.dev.ngency.com/public_html/wp-admin/plugins.php(60): activate_plugin()
#5 {main}
[23-May-2025 00:49:13 UTC] PHP Warning:  require_once(/home/hezevasube4866/web/endorsed-ocelot-34f2bd.dev.ngency.com/public_html/wp-content/plugins/adwords-reporting/vendor/autoload.php): Failed to open stream: No such file or directory in /home/hezevasube4866/web/endorsed-ocelot-34f2bd.dev.ngency.com/public_html/wp-content/plugins/adwords-reporting/adwords-reporting.php on line 62
[23-May-2025 00:49:13 UTC] PHP Fatal error:  Uncaught Error: Failed opening required '/home/hezevasube4866/web/endorsed-ocelot-34f2bd.dev.ngency.com/public_html/wp-content/plugins/adwords-reporting/vendor/autoload.php' (include_path='.:/usr/share/php') in /home/hezevasube4866/web/endorsed-ocelot-34f2bd.dev.ngency.com/public_html/wp-content/plugins/adwords-reporting/adwords-reporting.php:62
Stack trace:
#0 /home/hezevasube4866/web/endorsed-ocelot-34f2bd.dev.ngency.com/public_html/wp-admin/includes/plugin.php(2387): include_once()
#1 /home/hezevasube4866/web/endorsed-ocelot-34f2bd.dev.ngency.com/public_html/wp-admin/includes/plugin.php(673): plugin_sandbox_scrape()
#2 /home/hezevasube4866/web/endorsed-ocelot-34f2bd.dev.ngency.com/public_html/wp-admin/plugins.php(60): activate_plugin()
#3 {main}
  thrown in /home/hezevasube4866/web/endorsed-ocelot-34f2bd.dev.ngency.com/public_html/wp-content/plugins/adwords-reporting/adwords-reporting.php on line 62
[23-May-2025 00:49:13 UTC] Fatal Error: [1] Uncaught Error: Failed opening required '/home/hezevasube4866/web/endorsed-ocelot-34f2bd.dev.ngency.com/public_html/wp-content/plugins/adwords-reporting/vendor/autoload.php' (include_path='.:/usr/share/php') in /home/hezevasube4866/web/endorsed-ocelot-34f2bd.dev.ngency.com/public_html/wp-content/plugins/adwords-reporting/adwords-reporting.php:62
Stack trace:
#0 /home/hezevasube4866/web/endorsed-ocelot-34f2bd.dev.ngency.com/public_html/wp-admin/includes/plugin.php(2387): include_once()
#1 /home/hezevasube4866/web/endorsed-ocelot-34f2bd.dev.ngency.com/public_html/wp-admin/includes/plugin.php(673): plugin_sandbox_scrape()
#2 /home/hezevasube4866/web/endorsed-ocelot-34f2bd.dev.ngency.com/public_html/wp-admin/plugins.php(60): activate_plugin()
#3 {main}
  thrown in /home/hezevasube4866/web/endorsed-ocelot-34f2bd.dev.ngency.com/public_html/wp-content/plugins/adwords-reporting/adwords-reporting.php on line 62
Stack trace:
#0 [internal function]: adwords_reporting_shutdown_handler()
#1 {main}
[23-May-2025 01:10:10 UTC] Adwords Reporting Error [256] Composer detected issues in your platform: Your Composer dependencies require a PHP version ">= 8.1.0". You are running 8.0.30. in /home/hezevasube4866/web/endorsed-ocelot-34f2bd.dev.ngency.com/public_html/wp-content/plugins/adwords-reporting/vendor/composer/platform_check.php on line 24
Stack trace:
#0 [internal function]: adwords_reporting_error_handler()
#1 /home/hezevasube4866/web/endorsed-ocelot-34f2bd.dev.ngency.com/public_html/wp-content/plugins/adwords-reporting/vendor/composer/platform_check.php(24): trigger_error()
#2 /home/hezevasube4866/web/endorsed-ocelot-34f2bd.dev.ngency.com/public_html/wp-content/plugins/adwords-reporting/vendor/composer/autoload_real.php(25): require('...')
#3 /home/hezevasube4866/web/endorsed-ocelot-34f2bd.dev.ngency.com/public_html/wp-content/plugins/adwords-reporting/vendor/autoload.php(22): ComposerAutoloaderInit9c6242c2a74bec511413a0ef74709e28::getLoader()
#4 /home/hezevasube4866/web/endorsed-ocelot-34f2bd.dev.ngency.com/public_html/wp-content/plugins/adwords-reporting/adwords-reporting.php(62): require_once('...')
#5 /home/hezevasube4866/web/endorsed-ocelot-34f2bd.dev.ngency.com/public_html/wp-admin/includes/plugin.php(2387): include_once('...')
#6 /home/hezevasube4866/web/endorsed-ocelot-34f2bd.dev.ngency.com/public_html/wp-admin/includes/plugin.php(673): plugin_sandbox_scrape()
#7 /home/hezevasube4866/web/endorsed-ocelot-34f2bd.dev.ngency.com/public_html/wp-admin/plugins.php(60): activate_plugin()
#8 {main}
[23-May-2025 01:10:10 UTC] PHP Fatal error:  Composer detected issues in your platform: Your Composer dependencies require a PHP version ">= 8.1.0". You are running 8.0.30. in /home/hezevasube4866/web/endorsed-ocelot-34f2bd.dev.ngency.com/public_html/wp-content/plugins/adwords-reporting/vendor/composer/platform_check.php on line 24
[23-May-2025 01:15:57 UTC] Adwords Reporting Error [256] Composer detected issues in your platform: Your Composer dependencies require a PHP version ">= 8.1.0". You are running 8.0.30. in /home/hezevasube4866/web/endorsed-ocelot-34f2bd.dev.ngency.com/public_html/wp-content/plugins/adwords-reporting/vendor/composer/platform_check.php on line 24
Stack trace:
#0 [internal function]: adwords_reporting_error_handler()
#1 /home/hezevasube4866/web/endorsed-ocelot-34f2bd.dev.ngency.com/public_html/wp-content/plugins/adwords-reporting/vendor/composer/platform_check.php(24): trigger_error()
#2 /home/hezevasube4866/web/endorsed-ocelot-34f2bd.dev.ngency.com/public_html/wp-content/plugins/adwords-reporting/vendor/composer/autoload_real.php(25): require('...')
#3 /home/hezevasube4866/web/endorsed-ocelot-34f2bd.dev.ngency.com/public_html/wp-content/plugins/adwords-reporting/vendor/autoload.php(22): ComposerAutoloaderInit9c6242c2a74bec511413a0ef74709e28::getLoader()
#4 /home/hezevasube4866/web/endorsed-ocelot-34f2bd.dev.ngency.com/public_html/wp-content/plugins/adwords-reporting/adwords-reporting.php(62): require_once('...')
#5 /home/hezevasube4866/web/endorsed-ocelot-34f2bd.dev.ngency.com/public_html/wp-admin/includes/plugin.php(2387): include_once('...')
#6 /home/hezevasube4866/web/endorsed-ocelot-34f2bd.dev.ngency.com/public_html/wp-admin/includes/plugin.php(673): plugin_sandbox_scrape()
#7 /home/hezevasube4866/web/endorsed-ocelot-34f2bd.dev.ngency.com/public_html/wp-admin/plugins.php(60): activate_plugin()
#8 {main}
[23-May-2025 01:15:57 UTC] PHP Fatal error:  Composer detected issues in your platform: Your Composer dependencies require a PHP version ">= 8.1.0". You are running 8.0.30. in /home/hezevasube4866/web/endorsed-ocelot-34f2bd.dev.ngency.com/public_html/wp-content/plugins/adwords-reporting/vendor/composer/platform_check.php on line 24
[23-May-2025 02:00:28 UTC] Adwords Reporting Error [256] Composer detected issues in your platform: Your Composer dependencies require a PHP version ">= 8.1.0". You are running 8.0.30. in /home/hezevasube4866/web/endorsed-ocelot-34f2bd.dev.ngency.com/public_html/wp-content/plugins/adwords-reporting/vendor/composer/platform_check.php on line 24
Stack trace:
#0 [internal function]: adwords_reporting_error_handler()
#1 /home/hezevasube4866/web/endorsed-ocelot-34f2bd.dev.ngency.com/public_html/wp-content/plugins/adwords-reporting/vendor/composer/platform_check.php(24): trigger_error()
#2 /home/hezevasube4866/web/endorsed-ocelot-34f2bd.dev.ngency.com/public_html/wp-content/plugins/adwords-reporting/vendor/composer/autoload_real.php(25): require('...')
#3 /home/hezevasube4866/web/endorsed-ocelot-34f2bd.dev.ngency.com/public_html/wp-content/plugins/adwords-reporting/vendor/autoload.php(22): ComposerAutoloaderInit9c6242c2a74bec511413a0ef74709e28::getLoader()
#4 /home/hezevasube4866/web/endorsed-ocelot-34f2bd.dev.ngency.com/public_html/wp-content/plugins/adwords-reporting/adwords-reporting.php(62): require_once('...')
#5 /home/hezevasube4866/web/endorsed-ocelot-34f2bd.dev.ngency.com/public_html/wp-admin/includes/plugin.php(2387): include_once('...')
#6 /home/hezevasube4866/web/endorsed-ocelot-34f2bd.dev.ngency.com/public_html/wp-admin/includes/plugin.php(673): plugin_sandbox_scrape()
#7 /home/hezevasube4866/web/endorsed-ocelot-34f2bd.dev.ngency.com/public_html/wp-admin/plugins.php(60): activate_plugin()
#8 {main}
[23-May-2025 02:00:28 UTC] PHP Fatal error:  Composer detected issues in your platform: Your Composer dependencies require a PHP version ">= 8.1.0". You are running 8.0.30. in /home/hezevasube4866/web/endorsed-ocelot-34f2bd.dev.ngency.com/public_html/wp-content/plugins/adwords-reporting/vendor/composer/platform_check.php on line 24
[23-May-2025 02:01:40 UTC] Adwords Reporting Error [256] Composer detected issues in your platform: Your Composer dependencies require a PHP version ">= 8.1.0". You are running 8.0.30. in /home/hezevasube4866/web/endorsed-ocelot-34f2bd.dev.ngency.com/public_html/wp-content/plugins/adwords-reporting/vendor/composer/platform_check.php on line 24
Stack trace:
#0 [internal function]: adwords_reporting_error_handler()
#1 /home/hezevasube4866/web/endorsed-ocelot-34f2bd.dev.ngency.com/public_html/wp-content/plugins/adwords-reporting/vendor/composer/platform_check.php(24): trigger_error()
#2 /home/hezevasube4866/web/endorsed-ocelot-34f2bd.dev.ngency.com/public_html/wp-content/plugins/adwords-reporting/vendor/composer/autoload_real.php(25): require('...')
#3 /home/hezevasube4866/web/endorsed-ocelot-34f2bd.dev.ngency.com/public_html/wp-content/plugins/adwords-reporting/vendor/autoload.php(22): ComposerAutoloaderInit9c6242c2a74bec511413a0ef74709e28::getLoader()
#4 /home/hezevasube4866/web/endorsed-ocelot-34f2bd.dev.ngency.com/public_html/wp-content/plugins/adwords-reporting/adwords-reporting.php(62): require_once('...')
#5 /home/hezevasube4866/web/endorsed-ocelot-34f2bd.dev.ngency.com/public_html/wp-admin/includes/plugin.php(2387): include_once('...')
#6 /home/hezevasube4866/web/endorsed-ocelot-34f2bd.dev.ngency.com/public_html/wp-admin/includes/plugin.php(673): plugin_sandbox_scrape()
#7 /home/hezevasube4866/web/endorsed-ocelot-34f2bd.dev.ngency.com/public_html/wp-admin/plugins.php(60): activate_plugin()
#8 {main}
[23-May-2025 02:01:40 UTC] PHP Fatal error:  Composer detected issues in your platform: Your Composer dependencies require a PHP version ">= 8.1.0". You are running 8.0.30. in /home/hezevasube4866/web/endorsed-ocelot-34f2bd.dev.ngency.com/public_html/wp-content/plugins/adwords-reporting/vendor/composer/platform_check.php on line 24
[23-May-2025 02:03:21 UTC] Adwords Reporting Error [256] Composer detected issues in your platform: Your Composer dependencies require a PHP version ">= 8.1.0". You are running 8.0.30. in /home/hezevasube4866/web/endorsed-ocelot-34f2bd.dev.ngency.com/public_html/wp-content/plugins/adwords-reporting/vendor/composer/platform_check.php on line 24
Stack trace:
#0 [internal function]: adwords_reporting_error_handler()
#1 /home/hezevasube4866/web/endorsed-ocelot-34f2bd.dev.ngency.com/public_html/wp-content/plugins/adwords-reporting/vendor/composer/platform_check.php(24): trigger_error()
#2 /home/hezevasube4866/web/endorsed-ocelot-34f2bd.dev.ngency.com/public_html/wp-content/plugins/adwords-reporting/vendor/composer/autoload_real.php(25): require('...')
#3 /home/hezevasube4866/web/endorsed-ocelot-34f2bd.dev.ngency.com/public_html/wp-content/plugins/adwords-reporting/vendor/autoload.php(22): ComposerAutoloaderInit9c6242c2a74bec511413a0ef74709e28::getLoader()
#4 /home/hezevasube4866/web/endorsed-ocelot-34f2bd.dev.ngency.com/public_html/wp-content/plugins/adwords-reporting/adwords-reporting.php(62): require_once('...')
#5 /home/hezevasube4866/web/endorsed-ocelot-34f2bd.dev.ngency.com/public_html/wp-admin/includes/plugin.php(2387): include_once('...')
#6 /home/hezevasube4866/web/endorsed-ocelot-34f2bd.dev.ngency.com/public_html/wp-admin/includes/plugin.php(673): plugin_sandbox_scrape()
#7 /home/hezevasube4866/web/endorsed-ocelot-34f2bd.dev.ngency.com/public_html/wp-admin/plugins.php(60): activate_plugin()
#8 {main}
[23-May-2025 02:03:21 UTC] PHP Fatal error:  Composer detected issues in your platform: Your Composer dependencies require a PHP version ">= 8.1.0". You are running 8.0.30. in /home/hezevasube4866/web/endorsed-ocelot-34f2bd.dev.ngency.com/public_html/wp-content/plugins/adwords-reporting/vendor/composer/platform_check.php on line 24
[23-May-2025 02:03:23 UTC] Adwords Reporting Error [256] Composer detected issues in your platform: Your Composer dependencies require a PHP version ">= 8.1.0". You are running 8.0.30. in /home/hezevasube4866/web/endorsed-ocelot-34f2bd.dev.ngency.com/public_html/wp-content/plugins/adwords-reporting/vendor/composer/platform_check.php on line 24
Stack trace:
#0 [internal function]: adwords_reporting_error_handler()
#1 /home/hezevasube4866/web/endorsed-ocelot-34f2bd.dev.ngency.com/public_html/wp-content/plugins/adwords-reporting/vendor/composer/platform_check.php(24): trigger_error()
#2 /home/hezevasube4866/web/endorsed-ocelot-34f2bd.dev.ngency.com/public_html/wp-content/plugins/adwords-reporting/vendor/composer/autoload_real.php(25): require('...')
#3 /home/hezevasube4866/web/endorsed-ocelot-34f2bd.dev.ngency.com/public_html/wp-content/plugins/adwords-reporting/vendor/autoload.php(22): ComposerAutoloaderInit9c6242c2a74bec511413a0ef74709e28::getLoader()
#4 /home/hezevasube4866/web/endorsed-ocelot-34f2bd.dev.ngency.com/public_html/wp-content/plugins/adwords-reporting/adwords-reporting.php(62): require_once('...')
#5 /home/hezevasube4866/web/endorsed-ocelot-34f2bd.dev.ngency.com/public_html/wp-admin/includes/plugin.php(2387): include_once('...')
#6 /home/hezevasube4866/web/endorsed-ocelot-34f2bd.dev.ngency.com/public_html/wp-admin/includes/plugin.php(673): plugin_sandbox_scrape()
#7 /home/hezevasube4866/web/endorsed-ocelot-34f2bd.dev.ngency.com/public_html/wp-admin/plugins.php(60): activate_plugin()
#8 {main}
[23-May-2025 02:03:23 UTC] PHP Fatal error:  Composer detected issues in your platform: Your Composer dependencies require a PHP version ">= 8.1.0". You are running 8.0.30. in /home/hezevasube4866/web/endorsed-ocelot-34f2bd.dev.ngency.com/public_html/wp-content/plugins/adwords-reporting/vendor/composer/platform_check.php on line 24
[23-May-2025 02:06:56 UTC] PHP Fatal error:  Uncaught Error: Class "Google\Ads\GoogleAds\Lib\V19\GoogleAdsClientBuilder" not found in /home/hezevasube4866/web/endorsed-ocelot-34f2bd.dev.ngency.com/public_html/wp-content/plugins/adwords-reporting/src/AdwordsReporting/AdsApiClient.php:31
Stack trace:
#0 /home/hezevasube4866/web/endorsed-ocelot-34f2bd.dev.ngency.com/public_html/wp-content/plugins/adwords-reporting/src/AdwordsReporting/AdsApiClient.php(14): Ngency\AdwordsReporting\AdsApiClient->initializeClient()
#1 /home/hezevasube4866/web/endorsed-ocelot-34f2bd.dev.ngency.com/public_html/wp-content/plugins/adwords-reporting/src/AdwordsReporting/AdsApiClient.php(19): Ngency\AdwordsReporting\AdsApiClient->__construct()
#2 /home/hezevasube4866/web/endorsed-ocelot-34f2bd.dev.ngency.com/public_html/wp-content/plugins/adwords-reporting/adwords-reporting.php(88): Ngency\AdwordsReporting\AdsApiClient::getInstance()
#3 /home/hezevasube4866/web/endorsed-ocelot-34f2bd.dev.ngency.com/public_html/wp-includes/class-wp-hook.php(324): adwords_reporting_test_connection()
#4 /home/hezevasube4866/web/endorsed-ocelot-34f2bd.dev.ngency.com/public_html/wp-includes/class-wp-hook.php(348): WP_Hook->apply_filters()
#5 /home/hezevasube4866/web/endorsed-ocelot-34f2bd.dev.ngency.com/public_html/wp-includes/plugin.php(517): WP_Hook->do_action()
#6 /home/hezevasube4866/web/endorsed-ocelot-34f2bd.dev.ngency.com/public_html/wp-admin/admin-header.php(313): do_action()
#7 /home/hezevasube4866/web/endorsed-ocelot-34f2bd.dev.ngency.com/public_html/wp-admin/plugins.php(637): require_once('...')
#8 {main}
  thrown in /home/hezevasube4866/web/endorsed-ocelot-34f2bd.dev.ngency.com/public_html/wp-content/plugins/adwords-reporting/src/AdwordsReporting/AdsApiClient.php on line 31
[23-May-2025 02:06:56 UTC] Fatal Error: [1] Uncaught Error: Class "Google\Ads\GoogleAds\Lib\V19\GoogleAdsClientBuilder" not found in /home/hezevasube4866/web/endorsed-ocelot-34f2bd.dev.ngency.com/public_html/wp-content/plugins/adwords-reporting/src/AdwordsReporting/AdsApiClient.php:31
Stack trace:
#0 /home/hezevasube4866/web/endorsed-ocelot-34f2bd.dev.ngency.com/public_html/wp-content/plugins/adwords-reporting/src/AdwordsReporting/AdsApiClient.php(14): Ngency\AdwordsReporting\AdsApiClient->initializeClient()
#1 /home/hezevasube4866/web/endorsed-ocelot-34f2bd.dev.ngency.com/public_html/wp-content/plugins/adwords-reporting/src/AdwordsReporting/AdsApiClient.php(19): Ngency\AdwordsReporting\AdsApiClient->__construct()
#2 /home/hezevasube4866/web/endorsed-ocelot-34f2bd.dev.ngency.com/public_html/wp-content/plugins/adwords-reporting/adwords-reporting.php(88): Ngency\AdwordsReporting\AdsApiClient::getInstance()
#3 /home/hezevasube4866/web/endorsed-ocelot-34f2bd.dev.ngency.com/public_html/wp-includes/class-wp-hook.php(324): adwords_reporting_test_connection()
#4 /home/hezevasube4866/web/endorsed-ocelot-34f2bd.dev.ngency.com/public_html/wp-includes/class-wp-hook.php(348): WP_Hook->apply_filters()
#5 /home/hezevasube4866/web/endorsed-ocelot-34f2bd.dev.ngency.com/public_html/wp-includes/plugin.php(517): WP_Hook->do_action()
#6 /home/hezevasube4866/web/endorsed-ocelot-34f2bd.dev.ngency.com/public_html/wp-admin/admin-header.php(313): do_action()
#7 /home/hezevasube4866/web/endorsed-ocelot-34f2bd.dev.ngency.com/public_html/wp-admin/plugins.php(637): require_once('...')
#8 {main}
  thrown in /home/hezevasube4866/web/endorsed-ocelot-34f2bd.dev.ngency.com/public_html/wp-content/plugins/adwords-reporting/src/AdwordsReporting/AdsApiClient.php on line 31
Stack trace:
#0 [internal function]: adwords_reporting_shutdown_handler()
#1 {main}
[23-May-2025 02:07:09 UTC] PHP Fatal error:  Uncaught Error: Class "Google\Ads\GoogleAds\Lib\V19\GoogleAdsClientBuilder" not found in /home/hezevasube4866/web/endorsed-ocelot-34f2bd.dev.ngency.com/public_html/wp-content/plugins/adwords-reporting/src/AdwordsReporting/AdsApiClient.php:31
Stack trace:
#0 /home/hezevasube4866/web/endorsed-ocelot-34f2bd.dev.ngency.com/public_html/wp-content/plugins/adwords-reporting/src/AdwordsReporting/AdsApiClient.php(14): Ngency\AdwordsReporting\AdsApiClient->initializeClient()
#1 /home/hezevasube4866/web/endorsed-ocelot-34f2bd.dev.ngency.com/public_html/wp-content/plugins/adwords-reporting/src/AdwordsReporting/AdsApiClient.php(19): Ngency\AdwordsReporting\AdsApiClient->__construct()
#2 /home/hezevasube4866/web/endorsed-ocelot-34f2bd.dev.ngency.com/public_html/wp-content/plugins/adwords-reporting/adwords-reporting.php(88): Ngency\AdwordsReporting\AdsApiClient::getInstance()
#3 /home/hezevasube4866/web/endorsed-ocelot-34f2bd.dev.ngency.com/public_html/wp-includes/class-wp-hook.php(324): adwords_reporting_test_connection()
#4 /home/hezevasube4866/web/endorsed-ocelot-34f2bd.dev.ngency.com/public_html/wp-includes/class-wp-hook.php(348): WP_Hook->apply_filters()
#5 /home/hezevasube4866/web/endorsed-ocelot-34f2bd.dev.ngency.com/public_html/wp-includes/plugin.php(517): WP_Hook->do_action()
#6 /home/hezevasube4866/web/endorsed-ocelot-34f2bd.dev.ngency.com/public_html/wp-admin/admin-header.php(313): do_action()
#7 /home/hezevasube4866/web/endorsed-ocelot-34f2bd.dev.ngency.com/public_html/wp-admin/plugins.php(637): require_once('...')
#8 {main}
  thrown in /home/hezevasube4866/web/endorsed-ocelot-34f2bd.dev.ngency.com/public_html/wp-content/plugins/adwords-reporting/src/AdwordsReporting/AdsApiClient.php on line 31
[23-May-2025 02:07:09 UTC] Fatal Error: [1] Uncaught Error: Class "Google\Ads\GoogleAds\Lib\V19\GoogleAdsClientBuilder" not found in /home/hezevasube4866/web/endorsed-ocelot-34f2bd.dev.ngency.com/public_html/wp-content/plugins/adwords-reporting/src/AdwordsReporting/AdsApiClient.php:31
Stack trace:
#0 /home/hezevasube4866/web/endorsed-ocelot-34f2bd.dev.ngency.com/public_html/wp-content/plugins/adwords-reporting/src/AdwordsReporting/AdsApiClient.php(14): Ngency\AdwordsReporting\AdsApiClient->initializeClient()
#1 /home/hezevasube4866/web/endorsed-ocelot-34f2bd.dev.ngency.com/public_html/wp-content/plugins/adwords-reporting/src/AdwordsReporting/AdsApiClient.php(19): Ngency\AdwordsReporting\AdsApiClient->__construct()
#2 /home/hezevasube4866/web/endorsed-ocelot-34f2bd.dev.ngency.com/public_html/wp-content/plugins/adwords-reporting/adwords-reporting.php(88): Ngency\AdwordsReporting\AdsApiClient::getInstance()
#3 /home/hezevasube4866/web/endorsed-ocelot-34f2bd.dev.ngency.com/public_html/wp-includes/class-wp-hook.php(324): adwords_reporting_test_connection()
#4 /home/hezevasube4866/web/endorsed-ocelot-34f2bd.dev.ngency.com/public_html/wp-includes/class-wp-hook.php(348): WP_Hook->apply_filters()
#5 /home/hezevasube4866/web/endorsed-ocelot-34f2bd.dev.ngency.com/public_html/wp-includes/plugin.php(517): WP_Hook->do_action()
#6 /home/hezevasube4866/web/endorsed-ocelot-34f2bd.dev.ngency.com/public_html/wp-admin/admin-header.php(313): do_action()
#7 /home/hezevasube4866/web/endorsed-ocelot-34f2bd.dev.ngency.com/public_html/wp-admin/plugins.php(637): require_once('...')
#8 {main}
  thrown in /home/hezevasube4866/web/endorsed-ocelot-34f2bd.dev.ngency.com/public_html/wp-content/plugins/adwords-reporting/src/AdwordsReporting/AdsApiClient.php on line 31
Stack trace:
#0 [internal function]: adwords_reporting_shutdown_handler()
#1 {main}
[23-May-2025 02:07:12 UTC] PHP Fatal error:  Uncaught Error: Class "Google\Ads\GoogleAds\Lib\V19\GoogleAdsClientBuilder" not found in /home/hezevasube4866/web/endorsed-ocelot-34f2bd.dev.ngency.com/public_html/wp-content/plugins/adwords-reporting/src/AdwordsReporting/AdsApiClient.php:31
Stack trace:
#0 /home/hezevasube4866/web/endorsed-ocelot-34f2bd.dev.ngency.com/public_html/wp-content/plugins/adwords-reporting/src/AdwordsReporting/AdsApiClient.php(14): Ngency\AdwordsReporting\AdsApiClient->initializeClient()
#1 /home/hezevasube4866/web/endorsed-ocelot-34f2bd.dev.ngency.com/public_html/wp-content/plugins/adwords-reporting/src/AdwordsReporting/AdsApiClient.php(19): Ngency\AdwordsReporting\AdsApiClient->__construct()
#2 /home/hezevasube4866/web/endorsed-ocelot-34f2bd.dev.ngency.com/public_html/wp-content/plugins/adwords-reporting/adwords-reporting.php(88): Ngency\AdwordsReporting\AdsApiClient::getInstance()
#3 /home/hezevasube4866/web/endorsed-ocelot-34f2bd.dev.ngency.com/public_html/wp-includes/class-wp-hook.php(324): adwords_reporting_test_connection()
#4 /home/hezevasube4866/web/endorsed-ocelot-34f2bd.dev.ngency.com/public_html/wp-includes/class-wp-hook.php(348): WP_Hook->apply_filters()
#5 /home/hezevasube4866/web/endorsed-ocelot-34f2bd.dev.ngency.com/public_html/wp-includes/plugin.php(517): WP_Hook->do_action()
#6 /home/hezevasube4866/web/endorsed-ocelot-34f2bd.dev.ngency.com/public_html/wp-admin/admin-header.php(313): do_action()
#7 /home/hezevasube4866/web/endorsed-ocelot-34f2bd.dev.ngency.com/public_html/wp-admin/plugins.php(637): require_once('...')
#8 {main}
  thrown in /home/hezevasube4866/web/endorsed-ocelot-34f2bd.dev.ngency.com/public_html/wp-content/plugins/adwords-reporting/src/AdwordsReporting/AdsApiClient.php on line 31
[23-May-2025 02:07:12 UTC] Fatal Error: [1] Uncaught Error: Class "Google\Ads\GoogleAds\Lib\V19\GoogleAdsClientBuilder" not found in /home/hezevasube4866/web/endorsed-ocelot-34f2bd.dev.ngency.com/public_html/wp-content/plugins/adwords-reporting/src/AdwordsReporting/AdsApiClient.php:31
Stack trace:
#0 /home/hezevasube4866/web/endorsed-ocelot-34f2bd.dev.ngency.com/public_html/wp-content/plugins/adwords-reporting/src/AdwordsReporting/AdsApiClient.php(14): Ngency\AdwordsReporting\AdsApiClient->initializeClient()
#1 /home/hezevasube4866/web/endorsed-ocelot-34f2bd.dev.ngency.com/public_html/wp-content/plugins/adwords-reporting/src/AdwordsReporting/AdsApiClient.php(19): Ngency\AdwordsReporting\AdsApiClient->__construct()
#2 /home/hezevasube4866/web/endorsed-ocelot-34f2bd.dev.ngency.com/public_html/wp-content/plugins/adwords-reporting/adwords-reporting.php(88): Ngency\AdwordsReporting\AdsApiClient::getInstance()
#3 /home/hezevasube4866/web/endorsed-ocelot-34f2bd.dev.ngency.com/public_html/wp-includes/class-wp-hook.php(324): adwords_reporting_test_connection()
#4 /home/hezevasube4866/web/endorsed-ocelot-34f2bd.dev.ngency.com/public_html/wp-includes/class-wp-hook.php(348): WP_Hook->apply_filters()
#5 /home/hezevasube4866/web/endorsed-ocelot-34f2bd.dev.ngency.com/public_html/wp-includes/plugin.php(517): WP_Hook->do_action()
#6 /home/hezevasube4866/web/endorsed-ocelot-34f2bd.dev.ngency.com/public_html/wp-admin/admin-header.php(313): do_action()
#7 /home/hezevasube4866/web/endorsed-ocelot-34f2bd.dev.ngency.com/public_html/wp-admin/plugins.php(637): require_once('...')
#8 {main}
  thrown in /home/hezevasube4866/web/endorsed-ocelot-34f2bd.dev.ngency.com/public_html/wp-content/plugins/adwords-reporting/src/AdwordsReporting/AdsApiClient.php on line 31
Stack trace:
#0 [internal function]: adwords_reporting_shutdown_handler()
#1 {main}
[23-May-2025 02:07:54 UTC] PHP Fatal error:  Uncaught Error: Class "Google\Ads\GoogleAds\Lib\V19\GoogleAdsClientBuilder" not found in /home/hezevasube4866/web/endorsed-ocelot-34f2bd.dev.ngency.com/public_html/wp-content/plugins/adwords-reporting/src/AdwordsReporting/AdsApiClient.php:31
Stack trace:
#0 /home/hezevasube4866/web/endorsed-ocelot-34f2bd.dev.ngency.com/public_html/wp-content/plugins/adwords-reporting/src/AdwordsReporting/AdsApiClient.php(14): Ngency\AdwordsReporting\AdsApiClient->initializeClient()
#1 /home/hezevasube4866/web/endorsed-ocelot-34f2bd.dev.ngency.com/public_html/wp-content/plugins/adwords-reporting/src/AdwordsReporting/AdsApiClient.php(19): Ngency\AdwordsReporting\AdsApiClient->__construct()
#2 /home/hezevasube4866/web/endorsed-ocelot-34f2bd.dev.ngency.com/public_html/wp-content/plugins/adwords-reporting/adwords-reporting.php(88): Ngency\AdwordsReporting\AdsApiClient::getInstance()
#3 /home/hezevasube4866/web/endorsed-ocelot-34f2bd.dev.ngency.com/public_html/wp-includes/class-wp-hook.php(324): adwords_reporting_test_connection()
#4 /home/hezevasube4866/web/endorsed-ocelot-34f2bd.dev.ngency.com/public_html/wp-includes/class-wp-hook.php(348): WP_Hook->apply_filters()
#5 /home/hezevasube4866/web/endorsed-ocelot-34f2bd.dev.ngency.com/public_html/wp-includes/plugin.php(517): WP_Hook->do_action()
#6 /home/hezevasube4866/web/endorsed-ocelot-34f2bd.dev.ngency.com/public_html/wp-admin/admin-header.php(313): do_action()
#7 /home/hezevasube4866/web/endorsed-ocelot-34f2bd.dev.ngency.com/public_html/wp-admin/plugins.php(637): require_once('...')
#8 {main}
  thrown in /home/hezevasube4866/web/endorsed-ocelot-34f2bd.dev.ngency.com/public_html/wp-content/plugins/adwords-reporting/src/AdwordsReporting/AdsApiClient.php on line 31
[23-May-2025 02:07:54 UTC] Fatal Error: [1] Uncaught Error: Class "Google\Ads\GoogleAds\Lib\V19\GoogleAdsClientBuilder" not found in /home/hezevasube4866/web/endorsed-ocelot-34f2bd.dev.ngency.com/public_html/wp-content/plugins/adwords-reporting/src/AdwordsReporting/AdsApiClient.php:31
Stack trace:
#0 /home/hezevasube4866/web/endorsed-ocelot-34f2bd.dev.ngency.com/public_html/wp-content/plugins/adwords-reporting/src/AdwordsReporting/AdsApiClient.php(14): Ngency\AdwordsReporting\AdsApiClient->initializeClient()
#1 /home/hezevasube4866/web/endorsed-ocelot-34f2bd.dev.ngency.com/public_html/wp-content/plugins/adwords-reporting/src/AdwordsReporting/AdsApiClient.php(19): Ngency\AdwordsReporting\AdsApiClient->__construct()
#2 /home/hezevasube4866/web/endorsed-ocelot-34f2bd.dev.ngency.com/public_html/wp-content/plugins/adwords-reporting/adwords-reporting.php(88): Ngency\AdwordsReporting\AdsApiClient::getInstance()
#3 /home/hezevasube4866/web/endorsed-ocelot-34f2bd.dev.ngency.com/public_html/wp-includes/class-wp-hook.php(324): adwords_reporting_test_connection()
#4 /home/hezevasube4866/web/endorsed-ocelot-34f2bd.dev.ngency.com/public_html/wp-includes/class-wp-hook.php(348): WP_Hook->apply_filters()
#5 /home/hezevasube4866/web/endorsed-ocelot-34f2bd.dev.ngency.com/public_html/wp-includes/plugin.php(517): WP_Hook->do_action()
#6 /home/hezevasube4866/web/endorsed-ocelot-34f2bd.dev.ngency.com/public_html/wp-admin/admin-header.php(313): do_action()
#7 /home/hezevasube4866/web/endorsed-ocelot-34f2bd.dev.ngency.com/public_html/wp-admin/plugins.php(637): require_once('...')
#8 {main}
  thrown in /home/hezevasube4866/web/endorsed-ocelot-34f2bd.dev.ngency.com/public_html/wp-content/plugins/adwords-reporting/src/AdwordsReporting/AdsApiClient.php on line 31
Stack trace:
#0 [internal function]: adwords_reporting_shutdown_handler()
#1 {main}
[23-May-2025 02:07:57 UTC] PHP Fatal error:  Uncaught Error: Class "Google\Ads\GoogleAds\Lib\V19\GoogleAdsClientBuilder" not found in /home/hezevasube4866/web/endorsed-ocelot-34f2bd.dev.ngency.com/public_html/wp-content/plugins/adwords-reporting/src/AdwordsReporting/AdsApiClient.php:31
Stack trace:
#0 /home/hezevasube4866/web/endorsed-ocelot-34f2bd.dev.ngency.com/public_html/wp-content/plugins/adwords-reporting/src/AdwordsReporting/AdsApiClient.php(14): Ngency\AdwordsReporting\AdsApiClient->initializeClient()
#1 /home/hezevasube4866/web/endorsed-ocelot-34f2bd.dev.ngency.com/public_html/wp-content/plugins/adwords-reporting/src/AdwordsReporting/AdsApiClient.php(19): Ngency\AdwordsReporting\AdsApiClient->__construct()
#2 /home/hezevasube4866/web/endorsed-ocelot-34f2bd.dev.ngency.com/public_html/wp-content/plugins/adwords-reporting/adwords-reporting.php(88): Ngency\AdwordsReporting\AdsApiClient::getInstance()
#3 /home/hezevasube4866/web/endorsed-ocelot-34f2bd.dev.ngency.com/public_html/wp-includes/class-wp-hook.php(324): adwords_reporting_test_connection()
#4 /home/hezevasube4866/web/endorsed-ocelot-34f2bd.dev.ngency.com/public_html/wp-includes/class-wp-hook.php(348): WP_Hook->apply_filters()
#5 /home/hezevasube4866/web/endorsed-ocelot-34f2bd.dev.ngency.com/public_html/wp-includes/plugin.php(517): WP_Hook->do_action()
#6 /home/hezevasube4866/web/endorsed-ocelot-34f2bd.dev.ngency.com/public_html/wp-admin/admin-header.php(313): do_action()
#7 /home/hezevasube4866/web/endorsed-ocelot-34f2bd.dev.ngency.com/public_html/wp-admin/plugins.php(637): require_once('...')
#8 {main}
  thrown in /home/hezevasube4866/web/endorsed-ocelot-34f2bd.dev.ngency.com/public_html/wp-content/plugins/adwords-reporting/src/AdwordsReporting/AdsApiClient.php on line 31
[23-May-2025 02:07:57 UTC] Fatal Error: [1] Uncaught Error: Class "Google\Ads\GoogleAds\Lib\V19\GoogleAdsClientBuilder" not found in /home/hezevasube4866/web/endorsed-ocelot-34f2bd.dev.ngency.com/public_html/wp-content/plugins/adwords-reporting/src/AdwordsReporting/AdsApiClient.php:31
Stack trace:
#0 /home/hezevasube4866/web/endorsed-ocelot-34f2bd.dev.ngency.com/public_html/wp-content/plugins/adwords-reporting/src/AdwordsReporting/AdsApiClient.php(14): Ngency\AdwordsReporting\AdsApiClient->initializeClient()
#1 /home/hezevasube4866/web/endorsed-ocelot-34f2bd.dev.ngency.com/public_html/wp-content/plugins/adwords-reporting/src/AdwordsReporting/AdsApiClient.php(19): Ngency\AdwordsReporting\AdsApiClient->__construct()
#2 /home/hezevasube4866/web/endorsed-ocelot-34f2bd.dev.ngency.com/public_html/wp-content/plugins/adwords-reporting/adwords-reporting.php(88): Ngency\AdwordsReporting\AdsApiClient::getInstance()
#3 /home/hezevasube4866/web/endorsed-ocelot-34f2bd.dev.ngency.com/public_html/wp-includes/class-wp-hook.php(324): adwords_reporting_test_connection()
#4 /home/hezevasube4866/web/endorsed-ocelot-34f2bd.dev.ngency.com/public_html/wp-includes/class-wp-hook.php(348): WP_Hook->apply_filters()
#5 /home/hezevasube4866/web/endorsed-ocelot-34f2bd.dev.ngency.com/public_html/wp-includes/plugin.php(517): WP_Hook->do_action()
#6 /home/hezevasube4866/web/endorsed-ocelot-34f2bd.dev.ngency.com/public_html/wp-admin/admin-header.php(313): do_action()
#7 /home/hezevasube4866/web/endorsed-ocelot-34f2bd.dev.ngency.com/public_html/wp-admin/plugins.php(637): require_once('...')
#8 {main}
  thrown in /home/hezevasube4866/web/endorsed-ocelot-34f2bd.dev.ngency.com/public_html/wp-content/plugins/adwords-reporting/src/AdwordsReporting/AdsApiClient.php on line 31
Stack trace:
#0 [internal function]: adwords_reporting_shutdown_handler()
#1 {main}
[23-May-2025 02:07:59 UTC] PHP Fatal error:  Uncaught Error: Class "Google\Ads\GoogleAds\Lib\V19\GoogleAdsClientBuilder" not found in /home/hezevasube4866/web/endorsed-ocelot-34f2bd.dev.ngency.com/public_html/wp-content/plugins/adwords-reporting/src/AdwordsReporting/AdsApiClient.php:31
Stack trace:
#0 /home/hezevasube4866/web/endorsed-ocelot-34f2bd.dev.ngency.com/public_html/wp-content/plugins/adwords-reporting/src/AdwordsReporting/AdsApiClient.php(14): Ngency\AdwordsReporting\AdsApiClient->initializeClient()
#1 /home/hezevasube4866/web/endorsed-ocelot-34f2bd.dev.ngency.com/public_html/wp-content/plugins/adwords-reporting/src/AdwordsReporting/AdsApiClient.php(19): Ngency\AdwordsReporting\AdsApiClient->__construct()
#2 /home/hezevasube4866/web/endorsed-ocelot-34f2bd.dev.ngency.com/public_html/wp-content/plugins/adwords-reporting/adwords-reporting.php(88): Ngency\AdwordsReporting\AdsApiClient::getInstance()
#3 /home/hezevasube4866/web/endorsed-ocelot-34f2bd.dev.ngency.com/public_html/wp-includes/class-wp-hook.php(324): adwords_reporting_test_connection()
#4 /home/hezevasube4866/web/endorsed-ocelot-34f2bd.dev.ngency.com/public_html/wp-includes/class-wp-hook.php(348): WP_Hook->apply_filters()
#5 /home/hezevasube4866/web/endorsed-ocelot-34f2bd.dev.ngency.com/public_html/wp-includes/plugin.php(517): WP_Hook->do_action()
#6 /home/hezevasube4866/web/endorsed-ocelot-34f2bd.dev.ngency.com/public_html/wp-admin/admin-header.php(313): do_action()
#7 /home/hezevasube4866/web/endorsed-ocelot-34f2bd.dev.ngency.com/public_html/wp-admin/plugins.php(637): require_once('...')
#8 {main}
  thrown in /home/hezevasube4866/web/endorsed-ocelot-34f2bd.dev.ngency.com/public_html/wp-content/plugins/adwords-reporting/src/AdwordsReporting/AdsApiClient.php on line 31
[23-May-2025 02:07:59 UTC] Fatal Error: [1] Uncaught Error: Class "Google\Ads\GoogleAds\Lib\V19\GoogleAdsClientBuilder" not found in /home/hezevasube4866/web/endorsed-ocelot-34f2bd.dev.ngency.com/public_html/wp-content/plugins/adwords-reporting/src/AdwordsReporting/AdsApiClient.php:31
Stack trace:
#0 /home/hezevasube4866/web/endorsed-ocelot-34f2bd.dev.ngency.com/public_html/wp-content/plugins/adwords-reporting/src/AdwordsReporting/AdsApiClient.php(14): Ngency\AdwordsReporting\AdsApiClient->initializeClient()
#1 /home/hezevasube4866/web/endorsed-ocelot-34f2bd.dev.ngency.com/public_html/wp-content/plugins/adwords-reporting/src/AdwordsReporting/AdsApiClient.php(19): Ngency\AdwordsReporting\AdsApiClient->__construct()
#2 /home/hezevasube4866/web/endorsed-ocelot-34f2bd.dev.ngency.com/public_html/wp-content/plugins/adwords-reporting/adwords-reporting.php(88): Ngency\AdwordsReporting\AdsApiClient::getInstance()
#3 /home/hezevasube4866/web/endorsed-ocelot-34f2bd.dev.ngency.com/public_html/wp-includes/class-wp-hook.php(324): adwords_reporting_test_connection()
#4 /home/hezevasube4866/web/endorsed-ocelot-34f2bd.dev.ngency.com/public_html/wp-includes/class-wp-hook.php(348): WP_Hook->apply_filters()
#5 /home/hezevasube4866/web/endorsed-ocelot-34f2bd.dev.ngency.com/public_html/wp-includes/plugin.php(517): WP_Hook->do_action()
#6 /home/hezevasube4866/web/endorsed-ocelot-34f2bd.dev.ngency.com/public_html/wp-admin/admin-header.php(313): do_action()
#7 /home/hezevasube4866/web/endorsed-ocelot-34f2bd.dev.ngency.com/public_html/wp-admin/plugins.php(637): require_once('...')
#8 {main}
  thrown in /home/hezevasube4866/web/endorsed-ocelot-34f2bd.dev.ngency.com/public_html/wp-content/plugins/adwords-reporting/src/AdwordsReporting/AdsApiClient.php on line 31
Stack trace:
#0 [internal function]: adwords_reporting_shutdown_handler()
#1 {main}
[23-May-2025 02:08:41 UTC] PHP Fatal error:  Uncaught Error: Class "Google\Ads\GoogleAds\Lib\V19\GoogleAdsClientBuilder" not found in /home/hezevasube4866/web/endorsed-ocelot-34f2bd.dev.ngency.com/public_html/wp-content/plugins/adwords-reporting/src/AdwordsReporting/AdsApiClient.php:31
Stack trace:
#0 /home/hezevasube4866/web/endorsed-ocelot-34f2bd.dev.ngency.com/public_html/wp-content/plugins/adwords-reporting/src/AdwordsReporting/AdsApiClient.php(14): Ngency\AdwordsReporting\AdsApiClient->initializeClient()
#1 /home/hezevasube4866/web/endorsed-ocelot-34f2bd.dev.ngency.com/public_html/wp-content/plugins/adwords-reporting/src/AdwordsReporting/AdsApiClient.php(19): Ngency\AdwordsReporting\AdsApiClient->__construct()
#2 /home/hezevasube4866/web/endorsed-ocelot-34f2bd.dev.ngency.com/public_html/wp-content/plugins/adwords-reporting/adwords-reporting.php(88): Ngency\AdwordsReporting\AdsApiClient::getInstance()
#3 /home/hezevasube4866/web/endorsed-ocelot-34f2bd.dev.ngency.com/public_html/wp-includes/class-wp-hook.php(324): adwords_reporting_test_connection()
#4 /home/hezevasube4866/web/endorsed-ocelot-34f2bd.dev.ngency.com/public_html/wp-includes/class-wp-hook.php(348): WP_Hook->apply_filters()
#5 /home/hezevasube4866/web/endorsed-ocelot-34f2bd.dev.ngency.com/public_html/wp-includes/plugin.php(517): WP_Hook->do_action()
#6 /home/hezevasube4866/web/endorsed-ocelot-34f2bd.dev.ngency.com/public_html/wp-admin/admin-header.php(313): do_action()
#7 /home/hezevasube4866/web/endorsed-ocelot-34f2bd.dev.ngency.com/public_html/wp-admin/plugins.php(637): require_once('...')
#8 {main}
  thrown in /home/hezevasube4866/web/endorsed-ocelot-34f2bd.dev.ngency.com/public_html/wp-content/plugins/adwords-reporting/src/AdwordsReporting/AdsApiClient.php on line 31
[23-May-2025 02:08:41 UTC] Fatal Error: [1] Uncaught Error: Class "Google\Ads\GoogleAds\Lib\V19\GoogleAdsClientBuilder" not found in /home/hezevasube4866/web/endorsed-ocelot-34f2bd.dev.ngency.com/public_html/wp-content/plugins/adwords-reporting/src/AdwordsReporting/AdsApiClient.php:31
Stack trace:
#0 /home/hezevasube4866/web/endorsed-ocelot-34f2bd.dev.ngency.com/public_html/wp-content/plugins/adwords-reporting/src/AdwordsReporting/AdsApiClient.php(14): Ngency\AdwordsReporting\AdsApiClient->initializeClient()
#1 /home/hezevasube4866/web/endorsed-ocelot-34f2bd.dev.ngency.com/public_html/wp-content/plugins/adwords-reporting/src/AdwordsReporting/AdsApiClient.php(19): Ngency\AdwordsReporting\AdsApiClient->__construct()
#2 /home/hezevasube4866/web/endorsed-ocelot-34f2bd.dev.ngency.com/public_html/wp-content/plugins/adwords-reporting/adwords-reporting.php(88): Ngency\AdwordsReporting\AdsApiClient::getInstance()
#3 /home/hezevasube4866/web/endorsed-ocelot-34f2bd.dev.ngency.com/public_html/wp-includes/class-wp-hook.php(324): adwords_reporting_test_connection()
#4 /home/hezevasube4866/web/endorsed-ocelot-34f2bd.dev.ngency.com/public_html/wp-includes/class-wp-hook.php(348): WP_Hook->apply_filters()
#5 /home/hezevasube4866/web/endorsed-ocelot-34f2bd.dev.ngency.com/public_html/wp-includes/plugin.php(517): WP_Hook->do_action()
#6 /home/hezevasube4866/web/endorsed-ocelot-34f2bd.dev.ngency.com/public_html/wp-admin/admin-header.php(313): do_action()
#7 /home/hezevasube4866/web/endorsed-ocelot-34f2bd.dev.ngency.com/public_html/wp-admin/plugins.php(637): require_once('...')
#8 {main}
  thrown in /home/hezevasube4866/web/endorsed-ocelot-34f2bd.dev.ngency.com/public_html/wp-content/plugins/adwords-reporting/src/AdwordsReporting/AdsApiClient.php on line 31
Stack trace:
#0 [internal function]: adwords_reporting_shutdown_handler()
#1 {main}
[23-May-2025 02:08:43 UTC] PHP Fatal error:  Uncaught Error: Class "Google\Ads\GoogleAds\Lib\V19\GoogleAdsClientBuilder" not found in /home/hezevasube4866/web/endorsed-ocelot-34f2bd.dev.ngency.com/public_html/wp-content/plugins/adwords-reporting/src/AdwordsReporting/AdsApiClient.php:31
Stack trace:
#0 /home/hezevasube4866/web/endorsed-ocelot-34f2bd.dev.ngency.com/public_html/wp-content/plugins/adwords-reporting/src/AdwordsReporting/AdsApiClient.php(14): Ngency\AdwordsReporting\AdsApiClient->initializeClient()
#1 /home/hezevasube4866/web/endorsed-ocelot-34f2bd.dev.ngency.com/public_html/wp-content/plugins/adwords-reporting/src/AdwordsReporting/AdsApiClient.php(19): Ngency\AdwordsReporting\AdsApiClient->__construct()
#2 /home/hezevasube4866/web/endorsed-ocelot-34f2bd.dev.ngency.com/public_html/wp-content/plugins/adwords-reporting/adwords-reporting.php(88): Ngency\AdwordsReporting\AdsApiClient::getInstance()
#3 /home/hezevasube4866/web/endorsed-ocelot-34f2bd.dev.ngency.com/public_html/wp-includes/class-wp-hook.php(324): adwords_reporting_test_connection()
#4 /home/hezevasube4866/web/endorsed-ocelot-34f2bd.dev.ngency.com/public_html/wp-includes/class-wp-hook.php(348): WP_Hook->apply_filters()
#5 /home/hezevasube4866/web/endorsed-ocelot-34f2bd.dev.ngency.com/public_html/wp-includes/plugin.php(517): WP_Hook->do_action()
#6 /home/hezevasube4866/web/endorsed-ocelot-34f2bd.dev.ngency.com/public_html/wp-admin/admin-header.php(313): do_action()
#7 /home/hezevasube4866/web/endorsed-ocelot-34f2bd.dev.ngency.com/public_html/wp-admin/plugins.php(637): require_once('...')
#8 {main}
  thrown in /home/hezevasube4866/web/endorsed-ocelot-34f2bd.dev.ngency.com/public_html/wp-content/plugins/adwords-reporting/src/AdwordsReporting/AdsApiClient.php on line 31
[23-May-2025 02:08:43 UTC] Fatal Error: [1] Uncaught Error: Class "Google\Ads\GoogleAds\Lib\V19\GoogleAdsClientBuilder" not found in /home/hezevasube4866/web/endorsed-ocelot-34f2bd.dev.ngency.com/public_html/wp-content/plugins/adwords-reporting/src/AdwordsReporting/AdsApiClient.php:31
Stack trace:
#0 /home/hezevasube4866/web/endorsed-ocelot-34f2bd.dev.ngency.com/public_html/wp-content/plugins/adwords-reporting/src/AdwordsReporting/AdsApiClient.php(14): Ngency\AdwordsReporting\AdsApiClient->initializeClient()
#1 /home/hezevasube4866/web/endorsed-ocelot-34f2bd.dev.ngency.com/public_html/wp-content/plugins/adwords-reporting/src/AdwordsReporting/AdsApiClient.php(19): Ngency\AdwordsReporting\AdsApiClient->__construct()
#2 /home/hezevasube4866/web/endorsed-ocelot-34f2bd.dev.ngency.com/public_html/wp-content/plugins/adwords-reporting/adwords-reporting.php(88): Ngency\AdwordsReporting\AdsApiClient::getInstance()
#3 /home/hezevasube4866/web/endorsed-ocelot-34f2bd.dev.ngency.com/public_html/wp-includes/class-wp-hook.php(324): adwords_reporting_test_connection()
#4 /home/hezevasube4866/web/endorsed-ocelot-34f2bd.dev.ngency.com/public_html/wp-includes/class-wp-hook.php(348): WP_Hook->apply_filters()
#5 /home/hezevasube4866/web/endorsed-ocelot-34f2bd.dev.ngency.com/public_html/wp-includes/plugin.php(517): WP_Hook->do_action()
#6 /home/hezevasube4866/web/endorsed-ocelot-34f2bd.dev.ngency.com/public_html/wp-admin/admin-header.php(313): do_action()
#7 /home/hezevasube4866/web/endorsed-ocelot-34f2bd.dev.ngency.com/public_html/wp-admin/plugins.php(637): require_once('...')
#8 {main}
  thrown in /home/hezevasube4866/web/endorsed-ocelot-34f2bd.dev.ngency.com/public_html/wp-content/plugins/adwords-reporting/src/AdwordsReporting/AdsApiClient.php on line 31
Stack trace:
#0 [internal function]: adwords_reporting_shutdown_handler()
#1 {main}
[23-May-2025 02:09:26 UTC] PHP Fatal error:  Uncaught Error: Class "Google\Ads\GoogleAds\Lib\V19\GoogleAdsClientBuilder" not found in /home/hezevasube4866/web/endorsed-ocelot-34f2bd.dev.ngency.com/public_html/wp-content/plugins/adwords-reporting/src/AdwordsReporting/AdsApiClient.php:31
Stack trace:
#0 /home/hezevasube4866/web/endorsed-ocelot-34f2bd.dev.ngency.com/public_html/wp-content/plugins/adwords-reporting/src/AdwordsReporting/AdsApiClient.php(14): Ngency\AdwordsReporting\AdsApiClient->initializeClient()
#1 /home/hezevasube4866/web/endorsed-ocelot-34f2bd.dev.ngency.com/public_html/wp-content/plugins/adwords-reporting/src/AdwordsReporting/AdsApiClient.php(19): Ngency\AdwordsReporting\AdsApiClient->__construct()
#2 /home/hezevasube4866/web/endorsed-ocelot-34f2bd.dev.ngency.com/public_html/wp-content/plugins/adwords-reporting/adwords-reporting.php(88): Ngency\AdwordsReporting\AdsApiClient::getInstance()
#3 /home/hezevasube4866/web/endorsed-ocelot-34f2bd.dev.ngency.com/public_html/wp-includes/class-wp-hook.php(324): adwords_reporting_test_connection()
#4 /home/hezevasube4866/web/endorsed-ocelot-34f2bd.dev.ngency.com/public_html/wp-includes/class-wp-hook.php(348): WP_Hook->apply_filters()
#5 /home/hezevasube4866/web/endorsed-ocelot-34f2bd.dev.ngency.com/public_html/wp-includes/plugin.php(517): WP_Hook->do_action()
#6 /home/hezevasube4866/web/endorsed-ocelot-34f2bd.dev.ngency.com/public_html/wp-admin/admin-header.php(313): do_action()
#7 /home/hezevasube4866/web/endorsed-ocelot-34f2bd.dev.ngency.com/public_html/wp-admin/admin.php(240): require_once('...')
#8 {main}
  thrown in /home/hezevasube4866/web/endorsed-ocelot-34f2bd.dev.ngency.com/public_html/wp-content/plugins/adwords-reporting/src/AdwordsReporting/AdsApiClient.php on line 31
[23-May-2025 02:09:26 UTC] Fatal Error: [1] Uncaught Error: Class "Google\Ads\GoogleAds\Lib\V19\GoogleAdsClientBuilder" not found in /home/hezevasube4866/web/endorsed-ocelot-34f2bd.dev.ngency.com/public_html/wp-content/plugins/adwords-reporting/src/AdwordsReporting/AdsApiClient.php:31
Stack trace:
#0 /home/hezevasube4866/web/endorsed-ocelot-34f2bd.dev.ngency.com/public_html/wp-content/plugins/adwords-reporting/src/AdwordsReporting/AdsApiClient.php(14): Ngency\AdwordsReporting\AdsApiClient->initializeClient()
#1 /home/hezevasube4866/web/endorsed-ocelot-34f2bd.dev.ngency.com/public_html/wp-content/plugins/adwords-reporting/src/AdwordsReporting/AdsApiClient.php(19): Ngency\AdwordsReporting\AdsApiClient->__construct()
#2 /home/hezevasube4866/web/endorsed-ocelot-34f2bd.dev.ngency.com/public_html/wp-content/plugins/adwords-reporting/adwords-reporting.php(88): Ngency\AdwordsReporting\AdsApiClient::getInstance()
#3 /home/hezevasube4866/web/endorsed-ocelot-34f2bd.dev.ngency.com/public_html/wp-includes/class-wp-hook.php(324): adwords_reporting_test_connection()
#4 /home/hezevasube4866/web/endorsed-ocelot-34f2bd.dev.ngency.com/public_html/wp-includes/class-wp-hook.php(348): WP_Hook->apply_filters()
#5 /home/hezevasube4866/web/endorsed-ocelot-34f2bd.dev.ngency.com/public_html/wp-includes/plugin.php(517): WP_Hook->do_action()
#6 /home/hezevasube4866/web/endorsed-ocelot-34f2bd.dev.ngency.com/public_html/wp-admin/admin-header.php(313): do_action()
#7 /home/hezevasube4866/web/endorsed-ocelot-34f2bd.dev.ngency.com/public_html/wp-admin/admin.php(240): require_once('...')
#8 {main}
  thrown in /home/hezevasube4866/web/endorsed-ocelot-34f2bd.dev.ngency.com/public_html/wp-content/plugins/adwords-reporting/src/AdwordsReporting/AdsApiClient.php on line 31
Stack trace:
#0 [internal function]: adwords_reporting_shutdown_handler()
#1 {main}
[23-May-2025 02:09:27 UTC] PHP Fatal error:  Uncaught Error: Class "Google\Ads\GoogleAds\Lib\V19\GoogleAdsClientBuilder" not found in /home/hezevasube4866/web/endorsed-ocelot-34f2bd.dev.ngency.com/public_html/wp-content/plugins/adwords-reporting/src/AdwordsReporting/AdsApiClient.php:31
Stack trace:
#0 /home/hezevasube4866/web/endorsed-ocelot-34f2bd.dev.ngency.com/public_html/wp-content/plugins/adwords-reporting/src/AdwordsReporting/AdsApiClient.php(14): Ngency\AdwordsReporting\AdsApiClient->initializeClient()
#1 /home/hezevasube4866/web/endorsed-ocelot-34f2bd.dev.ngency.com/public_html/wp-content/plugins/adwords-reporting/src/AdwordsReporting/AdsApiClient.php(19): Ngency\AdwordsReporting\AdsApiClient->__construct()
#2 /home/hezevasube4866/web/endorsed-ocelot-34f2bd.dev.ngency.com/public_html/wp-content/plugins/adwords-reporting/adwords-reporting.php(88): Ngency\AdwordsReporting\AdsApiClient::getInstance()
#3 /home/hezevasube4866/web/endorsed-ocelot-34f2bd.dev.ngency.com/public_html/wp-includes/class-wp-hook.php(324): adwords_reporting_test_connection()
#4 /home/hezevasube4866/web/endorsed-ocelot-34f2bd.dev.ngency.com/public_html/wp-includes/class-wp-hook.php(348): WP_Hook->apply_filters()
#5 /home/hezevasube4866/web/endorsed-ocelot-34f2bd.dev.ngency.com/public_html/wp-includes/plugin.php(517): WP_Hook->do_action()
#6 /home/hezevasube4866/web/endorsed-ocelot-34f2bd.dev.ngency.com/public_html/wp-admin/admin-header.php(313): do_action()
#7 /home/hezevasube4866/web/endorsed-ocelot-34f2bd.dev.ngency.com/public_html/wp-admin/admin.php(240): require_once('...')
#8 {main}
  thrown in /home/hezevasube4866/web/endorsed-ocelot-34f2bd.dev.ngency.com/public_html/wp-content/plugins/adwords-reporting/src/AdwordsReporting/AdsApiClient.php on line 31
[23-May-2025 02:09:27 UTC] Fatal Error: [1] Uncaught Error: Class "Google\Ads\GoogleAds\Lib\V19\GoogleAdsClientBuilder" not found in /home/hezevasube4866/web/endorsed-ocelot-34f2bd.dev.ngency.com/public_html/wp-content/plugins/adwords-reporting/src/AdwordsReporting/AdsApiClient.php:31
Stack trace:
#0 /home/hezevasube4866/web/endorsed-ocelot-34f2bd.dev.ngency.com/public_html/wp-content/plugins/adwords-reporting/src/AdwordsReporting/AdsApiClient.php(14): Ngency\AdwordsReporting\AdsApiClient->initializeClient()
#1 /home/hezevasube4866/web/endorsed-ocelot-34f2bd.dev.ngency.com/public_html/wp-content/plugins/adwords-reporting/src/AdwordsReporting/AdsApiClient.php(19): Ngency\AdwordsReporting\AdsApiClient->__construct()
#2 /home/hezevasube4866/web/endorsed-ocelot-34f2bd.dev.ngency.com/public_html/wp-content/plugins/adwords-reporting/adwords-reporting.php(88): Ngency\AdwordsReporting\AdsApiClient::getInstance()
#3 /home/hezevasube4866/web/endorsed-ocelot-34f2bd.dev.ngency.com/public_html/wp-includes/class-wp-hook.php(324): adwords_reporting_test_connection()
#4 /home/hezevasube4866/web/endorsed-ocelot-34f2bd.dev.ngency.com/public_html/wp-includes/class-wp-hook.php(348): WP_Hook->apply_filters()
#5 /home/hezevasube4866/web/endorsed-ocelot-34f2bd.dev.ngency.com/public_html/wp-includes/plugin.php(517): WP_Hook->do_action()
#6 /home/hezevasube4866/web/endorsed-ocelot-34f2bd.dev.ngency.com/public_html/wp-admin/admin-header.php(313): do_action()
#7 /home/hezevasube4866/web/endorsed-ocelot-34f2bd.dev.ngency.com/public_html/wp-admin/admin.php(240): require_once('...')
#8 {main}
  thrown in /home/hezevasube4866/web/endorsed-ocelot-34f2bd.dev.ngency.com/public_html/wp-content/plugins/adwords-reporting/src/AdwordsReporting/AdsApiClient.php on line 31
Stack trace:
#0 [internal function]: adwords_reporting_shutdown_handler()
#1 {main}
[23-May-2025 02:16:26 UTC] PHP Fatal error:  Uncaught Error: Class "Google\Ads\GoogleAds\Lib\V19\GoogleAdsClientBuilder" not found in /home/hezevasube4866/web/endorsed-ocelot-34f2bd.dev.ngency.com/public_html/wp-content/plugins/adwords-reporting/src/AdwordsReporting/AdsApiClient.php:31
Stack trace:
#0 /home/hezevasube4866/web/endorsed-ocelot-34f2bd.dev.ngency.com/public_html/wp-content/plugins/adwords-reporting/src/AdwordsReporting/AdsApiClient.php(14): Ngency\AdwordsReporting\AdsApiClient->initializeClient()
#1 /home/hezevasube4866/web/endorsed-ocelot-34f2bd.dev.ngency.com/public_html/wp-content/plugins/adwords-reporting/src/AdwordsReporting/AdsApiClient.php(19): Ngency\AdwordsReporting\AdsApiClient->__construct()
#2 /home/hezevasube4866/web/endorsed-ocelot-34f2bd.dev.ngency.com/public_html/wp-content/plugins/adwords-reporting/adwords-reporting.php(88): Ngency\AdwordsReporting\AdsApiClient::getInstance()
#3 /home/hezevasube4866/web/endorsed-ocelot-34f2bd.dev.ngency.com/public_html/wp-includes/class-wp-hook.php(324): adwords_reporting_test_connection()
#4 /home/hezevasube4866/web/endorsed-ocelot-34f2bd.dev.ngency.com/public_html/wp-includes/class-wp-hook.php(348): WP_Hook->apply_filters()
#5 /home/hezevasube4866/web/endorsed-ocelot-34f2bd.dev.ngency.com/public_html/wp-includes/plugin.php(517): WP_Hook->do_action()
#6 /home/hezevasube4866/web/endorsed-ocelot-34f2bd.dev.ngency.com/public_html/wp-admin/admin-header.php(313): do_action()
#7 /home/hezevasube4866/web/endorsed-ocelot-34f2bd.dev.ngency.com/public_html/wp-admin/admin.php(240): require_once('...')
#8 {main}
  thrown in /home/hezevasube4866/web/endorsed-ocelot-34f2bd.dev.ngency.com/public_html/wp-content/plugins/adwords-reporting/src/AdwordsReporting/AdsApiClient.php on line 31
[23-May-2025 02:16:26 UTC] Fatal Error: [1] Uncaught Error: Class "Google\Ads\GoogleAds\Lib\V19\GoogleAdsClientBuilder" not found in /home/hezevasube4866/web/endorsed-ocelot-34f2bd.dev.ngency.com/public_html/wp-content/plugins/adwords-reporting/src/AdwordsReporting/AdsApiClient.php:31
Stack trace:
#0 /home/hezevasube4866/web/endorsed-ocelot-34f2bd.dev.ngency.com/public_html/wp-content/plugins/adwords-reporting/src/AdwordsReporting/AdsApiClient.php(14): Ngency\AdwordsReporting\AdsApiClient->initializeClient()
#1 /home/hezevasube4866/web/endorsed-ocelot-34f2bd.dev.ngency.com/public_html/wp-content/plugins/adwords-reporting/src/AdwordsReporting/AdsApiClient.php(19): Ngency\AdwordsReporting\AdsApiClient->__construct()
#2 /home/hezevasube4866/web/endorsed-ocelot-34f2bd.dev.ngency.com/public_html/wp-content/plugins/adwords-reporting/adwords-reporting.php(88): Ngency\AdwordsReporting\AdsApiClient::getInstance()
#3 /home/hezevasube4866/web/endorsed-ocelot-34f2bd.dev.ngency.com/public_html/wp-includes/class-wp-hook.php(324): adwords_reporting_test_connection()
#4 /home/hezevasube4866/web/endorsed-ocelot-34f2bd.dev.ngency.com/public_html/wp-includes/class-wp-hook.php(348): WP_Hook->apply_filters()
#5 /home/hezevasube4866/web/endorsed-ocelot-34f2bd.dev.ngency.com/public_html/wp-includes/plugin.php(517): WP_Hook->do_action()
#6 /home/hezevasube4866/web/endorsed-ocelot-34f2bd.dev.ngency.com/public_html/wp-admin/admin-header.php(313): do_action()
#7 /home/hezevasube4866/web/endorsed-ocelot-34f2bd.dev.ngency.com/public_html/wp-admin/admin.php(240): require_once('...')
#8 {main}
  thrown in /home/hezevasube4866/web/endorsed-ocelot-34f2bd.dev.ngency.com/public_html/wp-content/plugins/adwords-reporting/src/AdwordsReporting/AdsApiClient.php on line 31
Stack trace:
#0 [internal function]: adwords_reporting_shutdown_handler()
#1 {main}
[23-May-2025 02:16:28 UTC] PHP Fatal error:  Uncaught Error: Class "Google\Ads\GoogleAds\Lib\V19\GoogleAdsClientBuilder" not found in /home/hezevasube4866/web/endorsed-ocelot-34f2bd.dev.ngency.com/public_html/wp-content/plugins/adwords-reporting/src/AdwordsReporting/AdsApiClient.php:31
Stack trace:
#0 /home/hezevasube4866/web/endorsed-ocelot-34f2bd.dev.ngency.com/public_html/wp-content/plugins/adwords-reporting/src/AdwordsReporting/AdsApiClient.php(14): Ngency\AdwordsReporting\AdsApiClient->initializeClient()
#1 /home/hezevasube4866/web/endorsed-ocelot-34f2bd.dev.ngency.com/public_html/wp-content/plugins/adwords-reporting/src/AdwordsReporting/AdsApiClient.php(19): Ngency\AdwordsReporting\AdsApiClient->__construct()
#2 /home/hezevasube4866/web/endorsed-ocelot-34f2bd.dev.ngency.com/public_html/wp-content/plugins/adwords-reporting/adwords-reporting.php(88): Ngency\AdwordsReporting\AdsApiClient::getInstance()
#3 /home/hezevasube4866/web/endorsed-ocelot-34f2bd.dev.ngency.com/public_html/wp-includes/class-wp-hook.php(324): adwords_reporting_test_connection()
#4 /home/hezevasube4866/web/endorsed-ocelot-34f2bd.dev.ngency.com/public_html/wp-includes/class-wp-hook.php(348): WP_Hook->apply_filters()
#5 /home/hezevasube4866/web/endorsed-ocelot-34f2bd.dev.ngency.com/public_html/wp-includes/plugin.php(517): WP_Hook->do_action()
#6 /home/hezevasube4866/web/endorsed-ocelot-34f2bd.dev.ngency.com/public_html/wp-admin/admin-header.php(313): do_action()
#7 /home/hezevasube4866/web/endorsed-ocelot-34f2bd.dev.ngency.com/public_html/wp-admin/plugins.php(637): require_once('...')
#8 {main}
  thrown in /home/hezevasube4866/web/endorsed-ocelot-34f2bd.dev.ngency.com/public_html/wp-content/plugins/adwords-reporting/src/AdwordsReporting/AdsApiClient.php on line 31
[23-May-2025 02:16:28 UTC] Fatal Error: [1] Uncaught Error: Class "Google\Ads\GoogleAds\Lib\V19\GoogleAdsClientBuilder" not found in /home/hezevasube4866/web/endorsed-ocelot-34f2bd.dev.ngency.com/public_html/wp-content/plugins/adwords-reporting/src/AdwordsReporting/AdsApiClient.php:31
Stack trace:
#0 /home/hezevasube4866/web/endorsed-ocelot-34f2bd.dev.ngency.com/public_html/wp-content/plugins/adwords-reporting/src/AdwordsReporting/AdsApiClient.php(14): Ngency\AdwordsReporting\AdsApiClient->initializeClient()
#1 /home/hezevasube4866/web/endorsed-ocelot-34f2bd.dev.ngency.com/public_html/wp-content/plugins/adwords-reporting/src/AdwordsReporting/AdsApiClient.php(19): Ngency\AdwordsReporting\AdsApiClient->__construct()
#2 /home/hezevasube4866/web/endorsed-ocelot-34f2bd.dev.ngency.com/public_html/wp-content/plugins/adwords-reporting/adwords-reporting.php(88): Ngency\AdwordsReporting\AdsApiClient::getInstance()
#3 /home/hezevasube4866/web/endorsed-ocelot-34f2bd.dev.ngency.com/public_html/wp-includes/class-wp-hook.php(324): adwords_reporting_test_connection()
#4 /home/hezevasube4866/web/endorsed-ocelot-34f2bd.dev.ngency.com/public_html/wp-includes/class-wp-hook.php(348): WP_Hook->apply_filters()
#5 /home/hezevasube4866/web/endorsed-ocelot-34f2bd.dev.ngency.com/public_html/wp-includes/plugin.php(517): WP_Hook->do_action()
#6 /home/hezevasube4866/web/endorsed-ocelot-34f2bd.dev.ngency.com/public_html/wp-admin/admin-header.php(313): do_action()
#7 /home/hezevasube4866/web/endorsed-ocelot-34f2bd.dev.ngency.com/public_html/wp-admin/plugins.php(637): require_once('...')
#8 {main}
  thrown in /home/hezevasube4866/web/endorsed-ocelot-34f2bd.dev.ngency.com/public_html/wp-content/plugins/adwords-reporting/src/AdwordsReporting/AdsApiClient.php on line 31
Stack trace:
#0 [internal function]: adwords_reporting_shutdown_handler()
#1 {main}
[23-May-2025 02:17:14 UTC] PHP Fatal error:  Uncaught Error: Class "Google\Ads\GoogleAds\Lib\V19\GoogleAdsClientBuilder" not found in /home/hezevasube4866/web/endorsed-ocelot-34f2bd.dev.ngency.com/public_html/wp-content/plugins/adwords-reporting/src/AdwordsReporting/AdsApiClient.php:31
Stack trace:
#0 /home/hezevasube4866/web/endorsed-ocelot-34f2bd.dev.ngency.com/public_html/wp-content/plugins/adwords-reporting/src/AdwordsReporting/AdsApiClient.php(14): Ngency\AdwordsReporting\AdsApiClient->initializeClient()
#1 /home/hezevasube4866/web/endorsed-ocelot-34f2bd.dev.ngency.com/public_html/wp-content/plugins/adwords-reporting/src/AdwordsReporting/AdsApiClient.php(19): Ngency\AdwordsReporting\AdsApiClient->__construct()
#2 /home/hezevasube4866/web/endorsed-ocelot-34f2bd.dev.ngency.com/public_html/wp-content/plugins/adwords-reporting/adwords-reporting.php(88): Ngency\AdwordsReporting\AdsApiClient::getInstance()
#3 /home/hezevasube4866/web/endorsed-ocelot-34f2bd.dev.ngency.com/public_html/wp-includes/class-wp-hook.php(324): adwords_reporting_test_connection()
#4 /home/hezevasube4866/web/endorsed-ocelot-34f2bd.dev.ngency.com/public_html/wp-includes/class-wp-hook.php(348): WP_Hook->apply_filters()
#5 /home/hezevasube4866/web/endorsed-ocelot-34f2bd.dev.ngency.com/public_html/wp-includes/plugin.php(517): WP_Hook->do_action()
#6 /home/hezevasube4866/web/endorsed-ocelot-34f2bd.dev.ngency.com/public_html/wp-admin/admin-header.php(313): do_action()
#7 /home/hezevasube4866/web/endorsed-ocelot-34f2bd.dev.ngency.com/public_html/wp-admin/plugins.php(637): require_once('...')
#8 {main}
  thrown in /home/hezevasube4866/web/endorsed-ocelot-34f2bd.dev.ngency.com/public_html/wp-content/plugins/adwords-reporting/src/AdwordsReporting/AdsApiClient.php on line 31
[23-May-2025 02:17:14 UTC] Fatal Error: [1] Uncaught Error: Class "Google\Ads\GoogleAds\Lib\V19\GoogleAdsClientBuilder" not found in /home/hezevasube4866/web/endorsed-ocelot-34f2bd.dev.ngency.com/public_html/wp-content/plugins/adwords-reporting/src/AdwordsReporting/AdsApiClient.php:31
Stack trace:
#0 /home/hezevasube4866/web/endorsed-ocelot-34f2bd.dev.ngency.com/public_html/wp-content/plugins/adwords-reporting/src/AdwordsReporting/AdsApiClient.php(14): Ngency\AdwordsReporting\AdsApiClient->initializeClient()
#1 /home/hezevasube4866/web/endorsed-ocelot-34f2bd.dev.ngency.com/public_html/wp-content/plugins/adwords-reporting/src/AdwordsReporting/AdsApiClient.php(19): Ngency\AdwordsReporting\AdsApiClient->__construct()
#2 /home/hezevasube4866/web/endorsed-ocelot-34f2bd.dev.ngency.com/public_html/wp-content/plugins/adwords-reporting/adwords-reporting.php(88): Ngency\AdwordsReporting\AdsApiClient::getInstance()
#3 /home/hezevasube4866/web/endorsed-ocelot-34f2bd.dev.ngency.com/public_html/wp-includes/class-wp-hook.php(324): adwords_reporting_test_connection()
#4 /home/hezevasube4866/web/endorsed-ocelot-34f2bd.dev.ngency.com/public_html/wp-includes/class-wp-hook.php(348): WP_Hook->apply_filters()
#5 /home/hezevasube4866/web/endorsed-ocelot-34f2bd.dev.ngency.com/public_html/wp-includes/plugin.php(517): WP_Hook->do_action()
#6 /home/hezevasube4866/web/endorsed-ocelot-34f2bd.dev.ngency.com/public_html/wp-admin/admin-header.php(313): do_action()
#7 /home/hezevasube4866/web/endorsed-ocelot-34f2bd.dev.ngency.com/public_html/wp-admin/plugins.php(637): require_once('...')
#8 {main}
  thrown in /home/hezevasube4866/web/endorsed-ocelot-34f2bd.dev.ngency.com/public_html/wp-content/plugins/adwords-reporting/src/AdwordsReporting/AdsApiClient.php on line 31
Stack trace:
#0 [internal function]: adwords_reporting_shutdown_handler()
#1 {main}
[23-May-2025 02:17:37 UTC] PHP Fatal error:  Uncaught Error: Class "Google\Ads\GoogleAds\Lib\V19\GoogleAdsClientBuilder" not found in /home/hezevasube4866/web/endorsed-ocelot-34f2bd.dev.ngency.com/public_html/wp-content/plugins/adwords-reporting/src/AdwordsReporting/AdsApiClient.php:31
Stack trace:
#0 /home/hezevasube4866/web/endorsed-ocelot-34f2bd.dev.ngency.com/public_html/wp-content/plugins/adwords-reporting/src/AdwordsReporting/AdsApiClient.php(14): Ngency\AdwordsReporting\AdsApiClient->initializeClient()
#1 /home/hezevasube4866/web/endorsed-ocelot-34f2bd.dev.ngency.com/public_html/wp-content/plugins/adwords-reporting/src/AdwordsReporting/AdsApiClient.php(19): Ngency\AdwordsReporting\AdsApiClient->__construct()
#2 /home/hezevasube4866/web/endorsed-ocelot-34f2bd.dev.ngency.com/public_html/wp-content/plugins/adwords-reporting/adwords-reporting.php(88): Ngency\AdwordsReporting\AdsApiClient::getInstance()
#3 /home/hezevasube4866/web/endorsed-ocelot-34f2bd.dev.ngency.com/public_html/wp-includes/class-wp-hook.php(324): adwords_reporting_test_connection()
#4 /home/hezevasube4866/web/endorsed-ocelot-34f2bd.dev.ngency.com/public_html/wp-includes/class-wp-hook.php(348): WP_Hook->apply_filters()
#5 /home/hezevasube4866/web/endorsed-ocelot-34f2bd.dev.ngency.com/public_html/wp-includes/plugin.php(517): WP_Hook->do_action()
#6 /home/hezevasube4866/web/endorsed-ocelot-34f2bd.dev.ngency.com/public_html/wp-admin/admin-header.php(313): do_action()
#7 /home/hezevasube4866/web/endorsed-ocelot-34f2bd.dev.ngency.com/public_html/wp-admin/index.php(137): require_once('...')
#8 {main}
  thrown in /home/hezevasube4866/web/endorsed-ocelot-34f2bd.dev.ngency.com/public_html/wp-content/plugins/adwords-reporting/src/AdwordsReporting/AdsApiClient.php on line 31
[23-May-2025 02:17:37 UTC] Fatal Error: [1] Uncaught Error: Class "Google\Ads\GoogleAds\Lib\V19\GoogleAdsClientBuilder" not found in /home/hezevasube4866/web/endorsed-ocelot-34f2bd.dev.ngency.com/public_html/wp-content/plugins/adwords-reporting/src/AdwordsReporting/AdsApiClient.php:31
Stack trace:
#0 /home/hezevasube4866/web/endorsed-ocelot-34f2bd.dev.ngency.com/public_html/wp-content/plugins/adwords-reporting/src/AdwordsReporting/AdsApiClient.php(14): Ngency\AdwordsReporting\AdsApiClient->initializeClient()
#1 /home/hezevasube4866/web/endorsed-ocelot-34f2bd.dev.ngency.com/public_html/wp-content/plugins/adwords-reporting/src/AdwordsReporting/AdsApiClient.php(19): Ngency\AdwordsReporting\AdsApiClient->__construct()
#2 /home/hezevasube4866/web/endorsed-ocelot-34f2bd.dev.ngency.com/public_html/wp-content/plugins/adwords-reporting/adwords-reporting.php(88): Ngency\AdwordsReporting\AdsApiClient::getInstance()
#3 /home/hezevasube4866/web/endorsed-ocelot-34f2bd.dev.ngency.com/public_html/wp-includes/class-wp-hook.php(324): adwords_reporting_test_connection()
#4 /home/hezevasube4866/web/endorsed-ocelot-34f2bd.dev.ngency.com/public_html/wp-includes/class-wp-hook.php(348): WP_Hook->apply_filters()
#5 /home/hezevasube4866/web/endorsed-ocelot-34f2bd.dev.ngency.com/public_html/wp-includes/plugin.php(517): WP_Hook->do_action()
#6 /home/hezevasube4866/web/endorsed-ocelot-34f2bd.dev.ngency.com/public_html/wp-admin/admin-header.php(313): do_action()
#7 /home/hezevasube4866/web/endorsed-ocelot-34f2bd.dev.ngency.com/public_html/wp-admin/index.php(137): require_once('...')
#8 {main}
  thrown in /home/hezevasube4866/web/endorsed-ocelot-34f2bd.dev.ngency.com/public_html/wp-content/plugins/adwords-reporting/src/AdwordsReporting/AdsApiClient.php on line 31
Stack trace:
#0 [internal function]: adwords_reporting_shutdown_handler()
#1 {main}
[23-May-2025 02:23:19 UTC] PHP Fatal error:  Uncaught Error: Class "Google\Ads\GoogleAds\Lib\V19\GoogleAdsClientBuilder" not found in /home/hezevasube4866/web/endorsed-ocelot-34f2bd.dev.ngency.com/public_html/wp-content/plugins/adwords-reporting/src/AdwordsReporting/AdsApiClient.php:31
Stack trace:
#0 /home/hezevasube4866/web/endorsed-ocelot-34f2bd.dev.ngency.com/public_html/wp-content/plugins/adwords-reporting/src/AdwordsReporting/AdsApiClient.php(14): Ngency\AdwordsReporting\AdsApiClient->initializeClient()
#1 /home/hezevasube4866/web/endorsed-ocelot-34f2bd.dev.ngency.com/public_html/wp-content/plugins/adwords-reporting/src/AdwordsReporting/AdsApiClient.php(19): Ngency\AdwordsReporting\AdsApiClient->__construct()
#2 /home/hezevasube4866/web/endorsed-ocelot-34f2bd.dev.ngency.com/public_html/wp-content/plugins/adwords-reporting/adwords-reporting.php(88): Ngency\AdwordsReporting\AdsApiClient::getInstance()
#3 /home/hezevasube4866/web/endorsed-ocelot-34f2bd.dev.ngency.com/public_html/wp-includes/class-wp-hook.php(324): adwords_reporting_test_connection()
#4 /home/hezevasube4866/web/endorsed-ocelot-34f2bd.dev.ngency.com/public_html/wp-includes/class-wp-hook.php(348): WP_Hook->apply_filters()
#5 /home/hezevasube4866/web/endorsed-ocelot-34f2bd.dev.ngency.com/public_html/wp-includes/plugin.php(517): WP_Hook->do_action()
#6 /home/hezevasube4866/web/endorsed-ocelot-34f2bd.dev.ngency.com/public_html/wp-admin/admin-header.php(313): do_action()
#7 /home/hezevasube4866/web/endorsed-ocelot-34f2bd.dev.ngency.com/public_html/wp-admin/index.php(137): require_once('...')
#8 {main}
  thrown in /home/hezevasube4866/web/endorsed-ocelot-34f2bd.dev.ngency.com/public_html/wp-content/plugins/adwords-reporting/src/AdwordsReporting/AdsApiClient.php on line 31
[23-May-2025 02:23:19 UTC] Fatal Error: [1] Uncaught Error: Class "Google\Ads\GoogleAds\Lib\V19\GoogleAdsClientBuilder" not found in /home/hezevasube4866/web/endorsed-ocelot-34f2bd.dev.ngency.com/public_html/wp-content/plugins/adwords-reporting/src/AdwordsReporting/AdsApiClient.php:31
Stack trace:
#0 /home/hezevasube4866/web/endorsed-ocelot-34f2bd.dev.ngency.com/public_html/wp-content/plugins/adwords-reporting/src/AdwordsReporting/AdsApiClient.php(14): Ngency\AdwordsReporting\AdsApiClient->initializeClient()
#1 /home/hezevasube4866/web/endorsed-ocelot-34f2bd.dev.ngency.com/public_html/wp-content/plugins/adwords-reporting/src/AdwordsReporting/AdsApiClient.php(19): Ngency\AdwordsReporting\AdsApiClient->__construct()
#2 /home/hezevasube4866/web/endorsed-ocelot-34f2bd.dev.ngency.com/public_html/wp-content/plugins/adwords-reporting/adwords-reporting.php(88): Ngency\AdwordsReporting\AdsApiClient::getInstance()
#3 /home/hezevasube4866/web/endorsed-ocelot-34f2bd.dev.ngency.com/public_html/wp-includes/class-wp-hook.php(324): adwords_reporting_test_connection()
#4 /home/hezevasube4866/web/endorsed-ocelot-34f2bd.dev.ngency.com/public_html/wp-includes/class-wp-hook.php(348): WP_Hook->apply_filters()
#5 /home/hezevasube4866/web/endorsed-ocelot-34f2bd.dev.ngency.com/public_html/wp-includes/plugin.php(517): WP_Hook->do_action()
#6 /home/hezevasube4866/web/endorsed-ocelot-34f2bd.dev.ngency.com/public_html/wp-admin/admin-header.php(313): do_action()
#7 /home/hezevasube4866/web/endorsed-ocelot-34f2bd.dev.ngency.com/public_html/wp-admin/index.php(137): require_once('...')
#8 {main}
  thrown in /home/hezevasube4866/web/endorsed-ocelot-34f2bd.dev.ngency.com/public_html/wp-content/plugins/adwords-reporting/src/AdwordsReporting/AdsApiClient.php on line 31
Stack trace:
#0 [internal function]: adwords_reporting_shutdown_handler()
#1 {main}
[23-May-2025 02:25:45 UTC] PHP Fatal error:  Uncaught Error: Class "Google\Ads\GoogleAds\Lib\V19\GoogleAdsClientBuilder" not found in /home/hezevasube4866/web/endorsed-ocelot-34f2bd.dev.ngency.com/public_html/wp-content/plugins/adwords-reporting/src/AdwordsReporting/AdsApiClient.php:31
Stack trace:
#0 /home/hezevasube4866/web/endorsed-ocelot-34f2bd.dev.ngency.com/public_html/wp-content/plugins/adwords-reporting/src/AdwordsReporting/AdsApiClient.php(14): Ngency\AdwordsReporting\AdsApiClient->initializeClient()
#1 /home/hezevasube4866/web/endorsed-ocelot-34f2bd.dev.ngency.com/public_html/wp-content/plugins/adwords-reporting/src/AdwordsReporting/AdsApiClient.php(19): Ngency\AdwordsReporting\AdsApiClient->__construct()
#2 /home/hezevasube4866/web/endorsed-ocelot-34f2bd.dev.ngency.com/public_html/wp-content/plugins/adwords-reporting/adwords-reporting.php(88): Ngency\AdwordsReporting\AdsApiClient::getInstance()
#3 /home/hezevasube4866/web/endorsed-ocelot-34f2bd.dev.ngency.com/public_html/wp-includes/class-wp-hook.php(324): adwords_reporting_test_connection()
#4 /home/hezevasube4866/web/endorsed-ocelot-34f2bd.dev.ngency.com/public_html/wp-includes/class-wp-hook.php(348): WP_Hook->apply_filters()
#5 /home/hezevasube4866/web/endorsed-ocelot-34f2bd.dev.ngency.com/public_html/wp-includes/plugin.php(517): WP_Hook->do_action()
#6 /home/hezevasube4866/web/endorsed-ocelot-34f2bd.dev.ngency.com/public_html/wp-admin/admin-header.php(313): do_action()
#7 /home/hezevasube4866/web/endorsed-ocelot-34f2bd.dev.ngency.com/public_html/wp-admin/index.php(137): require_once('...')
#8 {main}
  thrown in /home/hezevasube4866/web/endorsed-ocelot-34f2bd.dev.ngency.com/public_html/wp-content/plugins/adwords-reporting/src/AdwordsReporting/AdsApiClient.php on line 31
[23-May-2025 02:25:45 UTC] Fatal Error: [1] Uncaught Error: Class "Google\Ads\GoogleAds\Lib\V19\GoogleAdsClientBuilder" not found in /home/hezevasube4866/web/endorsed-ocelot-34f2bd.dev.ngency.com/public_html/wp-content/plugins/adwords-reporting/src/AdwordsReporting/AdsApiClient.php:31
Stack trace:
#0 /home/hezevasube4866/web/endorsed-ocelot-34f2bd.dev.ngency.com/public_html/wp-content/plugins/adwords-reporting/src/AdwordsReporting/AdsApiClient.php(14): Ngency\AdwordsReporting\AdsApiClient->initializeClient()
#1 /home/hezevasube4866/web/endorsed-ocelot-34f2bd.dev.ngency.com/public_html/wp-content/plugins/adwords-reporting/src/AdwordsReporting/AdsApiClient.php(19): Ngency\AdwordsReporting\AdsApiClient->__construct()
#2 /home/hezevasube4866/web/endorsed-ocelot-34f2bd.dev.ngency.com/public_html/wp-content/plugins/adwords-reporting/adwords-reporting.php(88): Ngency\AdwordsReporting\AdsApiClient::getInstance()
#3 /home/hezevasube4866/web/endorsed-ocelot-34f2bd.dev.ngency.com/public_html/wp-includes/class-wp-hook.php(324): adwords_reporting_test_connection()
#4 /home/hezevasube4866/web/endorsed-ocelot-34f2bd.dev.ngency.com/public_html/wp-includes/class-wp-hook.php(348): WP_Hook->apply_filters()
#5 /home/hezevasube4866/web/endorsed-ocelot-34f2bd.dev.ngency.com/public_html/wp-includes/plugin.php(517): WP_Hook->do_action()
#6 /home/hezevasube4866/web/endorsed-ocelot-34f2bd.dev.ngency.com/public_html/wp-admin/admin-header.php(313): do_action()
#7 /home/hezevasube4866/web/endorsed-ocelot-34f2bd.dev.ngency.com/public_html/wp-admin/index.php(137): require_once('...')
#8 {main}
  thrown in /home/hezevasube4866/web/endorsed-ocelot-34f2bd.dev.ngency.com/public_html/wp-content/plugins/adwords-reporting/src/AdwordsReporting/AdsApiClient.php on line 31
Stack trace:
#0 [internal function]: adwords_reporting_shutdown_handler()
#1 {main}
[23-May-2025 02:25:47 UTC] PHP Fatal error:  Uncaught Error: Class "Google\Ads\GoogleAds\Lib\V19\GoogleAdsClientBuilder" not found in /home/hezevasube4866/web/endorsed-ocelot-34f2bd.dev.ngency.com/public_html/wp-content/plugins/adwords-reporting/src/AdwordsReporting/AdsApiClient.php:31
Stack trace:
#0 /home/hezevasube4866/web/endorsed-ocelot-34f2bd.dev.ngency.com/public_html/wp-content/plugins/adwords-reporting/src/AdwordsReporting/AdsApiClient.php(14): Ngency\AdwordsReporting\AdsApiClient->initializeClient()
#1 /home/hezevasube4866/web/endorsed-ocelot-34f2bd.dev.ngency.com/public_html/wp-content/plugins/adwords-reporting/src/AdwordsReporting/AdsApiClient.php(19): Ngency\AdwordsReporting\AdsApiClient->__construct()
#2 /home/hezevasube4866/web/endorsed-ocelot-34f2bd.dev.ngency.com/public_html/wp-content/plugins/adwords-reporting/adwords-reporting.php(88): Ngency\AdwordsReporting\AdsApiClient::getInstance()
#3 /home/hezevasube4866/web/endorsed-ocelot-34f2bd.dev.ngency.com/public_html/wp-includes/class-wp-hook.php(324): adwords_reporting_test_connection()
#4 /home/hezevasube4866/web/endorsed-ocelot-34f2bd.dev.ngency.com/public_html/wp-includes/class-wp-hook.php(348): WP_Hook->apply_filters()
#5 /home/hezevasube4866/web/endorsed-ocelot-34f2bd.dev.ngency.com/public_html/wp-includes/plugin.php(517): WP_Hook->do_action()
#6 /home/hezevasube4866/web/endorsed-ocelot-34f2bd.dev.ngency.com/public_html/wp-admin/admin-header.php(313): do_action()
#7 /home/hezevasube4866/web/endorsed-ocelot-34f2bd.dev.ngency.com/public_html/wp-admin/plugins.php(637): require_once('...')
#8 {main}
  thrown in /home/hezevasube4866/web/endorsed-ocelot-34f2bd.dev.ngency.com/public_html/wp-content/plugins/adwords-reporting/src/AdwordsReporting/AdsApiClient.php on line 31
[23-May-2025 02:25:47 UTC] Fatal Error: [1] Uncaught Error: Class "Google\Ads\GoogleAds\Lib\V19\GoogleAdsClientBuilder" not found in /home/hezevasube4866/web/endorsed-ocelot-34f2bd.dev.ngency.com/public_html/wp-content/plugins/adwords-reporting/src/AdwordsReporting/AdsApiClient.php:31
Stack trace:
#0 /home/hezevasube4866/web/endorsed-ocelot-34f2bd.dev.ngency.com/public_html/wp-content/plugins/adwords-reporting/src/AdwordsReporting/AdsApiClient.php(14): Ngency\AdwordsReporting\AdsApiClient->initializeClient()
#1 /home/hezevasube4866/web/endorsed-ocelot-34f2bd.dev.ngency.com/public_html/wp-content/plugins/adwords-reporting/src/AdwordsReporting/AdsApiClient.php(19): Ngency\AdwordsReporting\AdsApiClient->__construct()
#2 /home/hezevasube4866/web/endorsed-ocelot-34f2bd.dev.ngency.com/public_html/wp-content/plugins/adwords-reporting/adwords-reporting.php(88): Ngency\AdwordsReporting\AdsApiClient::getInstance()
#3 /home/hezevasube4866/web/endorsed-ocelot-34f2bd.dev.ngency.com/public_html/wp-includes/class-wp-hook.php(324): adwords_reporting_test_connection()
#4 /home/hezevasube4866/web/endorsed-ocelot-34f2bd.dev.ngency.com/public_html/wp-includes/class-wp-hook.php(348): WP_Hook->apply_filters()
#5 /home/hezevasube4866/web/endorsed-ocelot-34f2bd.dev.ngency.com/public_html/wp-includes/plugin.php(517): WP_Hook->do_action()
#6 /home/hezevasube4866/web/endorsed-ocelot-34f2bd.dev.ngency.com/public_html/wp-admin/admin-header.php(313): do_action()
#7 /home/hezevasube4866/web/endorsed-ocelot-34f2bd.dev.ngency.com/public_html/wp-admin/plugins.php(637): require_once('...')
#8 {main}
  thrown in /home/hezevasube4866/web/endorsed-ocelot-34f2bd.dev.ngency.com/public_html/wp-content/plugins/adwords-reporting/src/AdwordsReporting/AdsApiClient.php on line 31
Stack trace:
#0 [internal function]: adwords_reporting_shutdown_handler()
#1 {main}
